{"@timestamp":"2024-10-25T18:10:57.0409683+02:00","level":"INFO","logger_name":"org.hibernate.validator.internal.util.Version","message":"HV000001: Hibernate Validator 8.0.1.Final"}
{"@timestamp":"2024-10-25T18:10:57.0574785+02:00","level":"INFO","logger_name":"com.vehicle.gateway.GatewayApplication","message":"Starting GatewayApplication using Java 23.0.1 with PID 37560 (C:\\Users\\Jokubas\\Documents\\Programming\\Kristiania\\Year 3\\Microservices\\Vehicle Store\\Gateway\\target\\classes started by Jokubas in C:\\Users\\Jokubas\\Documents\\Programming\\Kristiania\\Year 3\\Microservices\\Vehicle Store)"}
{"@timestamp":"2024-10-25T18:10:57.0589825+02:00","level":"INFO","logger_name":"com.vehicle.gateway.GatewayApplication","message":"No active profile set, falling back to 1 default profile: \"default\""}
{"@timestamp":"2024-10-25T18:10:57.4991836+02:00","level":"INFO","logger_name":"org.springframework.cloud.context.scope.GenericScope","message":"BeanFactory id=fd226752-405b-3eca-a08a-aa064f02af54"}
{"@timestamp":"2024-10-25T18:10:57.5286885+02:00","level":"WARN","logger_name":"org.springframework.context.support.PostProcessorRegistrationDelegate$BeanPostProcessorChecker","message":"Bean 'org.springframework.cloud.client.loadbalancer.LoadBalancerAutoConfiguration$DeferringLoadBalancerInterceptorConfig' of type [org.springframework.cloud.client.loadbalancer.LoadBalancerAutoConfiguration$DeferringLoadBalancerInterceptorConfig] is not eligible for getting processed by all BeanPostProcessors (for example: not eligible for auto-proxying). The currently created BeanPostProcessor [lbRestClientPostProcessor] is declared through a non-static factory method on that class; consider declaring it as static instead."}
{"@timestamp":"2024-10-25T18:10:57.5296883+02:00","level":"WARN","logger_name":"org.springframework.context.support.PostProcessorRegistrationDelegate$BeanPostProcessorChecker","message":"Bean 'deferringLoadBalancerInterceptor' of type [org.springframework.cloud.client.loadbalancer.DeferringLoadBalancerInterceptor] is not eligible for getting processed by all BeanPostProcessors (for example: not eligible for auto-proxying). Is this bean getting eagerly injected into a currently created BeanPostProcessor [lbRestClientPostProcessor]? Check the corresponding BeanPostProcessor declaration and its dependencies."}
{"@timestamp":"2024-10-25T18:10:57.5306887+02:00","level":"WARN","logger_name":"org.springframework.context.support.PostProcessorRegistrationDelegate$BeanPostProcessorChecker","message":"Bean 'org.springframework.cloud.client.loadbalancer.reactive.LoadBalancerBeanPostProcessorAutoConfiguration' of type [org.springframework.cloud.client.loadbalancer.reactive.LoadBalancerBeanPostProcessorAutoConfiguration] is not eligible for getting processed by all BeanPostProcessors (for example: not eligible for auto-proxying). The currently created BeanPostProcessor [loadBalancerWebClientBuilderBeanPostProcessor] is declared through a non-static factory method on that class; consider declaring it as static instead."}
{"@timestamp":"2024-10-25T18:10:57.5316883+02:00","level":"WARN","logger_name":"org.springframework.context.support.PostProcessorRegistrationDelegate$BeanPostProcessorChecker","message":"Bean 'org.springframework.cloud.client.loadbalancer.reactive.LoadBalancerBeanPostProcessorAutoConfiguration$ReactorDeferringLoadBalancerFilterConfig' of type [org.springframework.cloud.client.loadbalancer.reactive.LoadBalancerBeanPostProcessorAutoConfiguration$ReactorDeferringLoadBalancerFilterConfig] is not eligible for getting processed by all BeanPostProcessors (for example: not eligible for auto-proxying). Is this bean getting eagerly injected into a currently created BeanPostProcessor [loadBalancerWebClientBuilderBeanPostProcessor]? Check the corresponding BeanPostProcessor declaration and its dependencies."}
{"@timestamp":"2024-10-25T18:10:57.5316883+02:00","level":"WARN","logger_name":"org.springframework.context.support.PostProcessorRegistrationDelegate$BeanPostProcessorChecker","message":"Bean 'reactorDeferringLoadBalancerExchangeFilterFunction' of type [org.springframework.cloud.client.loadbalancer.reactive.DeferringLoadBalancerExchangeFilterFunction] is not eligible for getting processed by all BeanPostProcessors (for example: not eligible for auto-proxying). Is this bean getting eagerly injected into a currently created BeanPostProcessor [loadBalancerWebClientBuilderBeanPostProcessor]? Check the corresponding BeanPostProcessor declaration and its dependencies."}
{"@timestamp":"2024-10-25T18:10:57.8707212+02:00","level":"DEBUG","logger_name":"org.springframework.cloud.gateway.config.GatewayProperties","message":"Routes supplied from Gateway Properties: [RouteDefinition{id='authentication', predicates=[PredicateDefinition{name='Path', args={_genkey_0=/api/user, _genkey_1=/api/user/**, _genkey_2=/api/user/auth, _genkey_3=/api/user/auth/**}}], filters=[], uri=lb://authentication/, order=0, metadata={}}, RouteDefinition{id='dealership', predicates=[PredicateDefinition{name='Path', args={_genkey_0=/api/car, _genkey_1=/api/car/**}}], filters=[], uri=lb://dealership/, order=0, metadata={}}, RouteDefinition{id='cart', predicates=[PredicateDefinition{name='Path', args={_genkey_0=/api/cart, _genkey_1=/api/cart/**, _genkey_2=/api/item, _genkey_3=/api/item/**, _genkey_4=/api/product/car, _genkey_5=/api/product/car/**}}], filters=[], uri=lb://cart/, order=0, metadata={}}]"}
{"@timestamp":"2024-10-25T18:10:57.922734+02:00","level":"INFO","logger_name":"org.springframework.cloud.gateway.route.RouteDefinitionRouteLocator","message":"Loaded RoutePredicateFactory [After]"}
{"@timestamp":"2024-10-25T18:10:57.922734+02:00","level":"INFO","logger_name":"org.springframework.cloud.gateway.route.RouteDefinitionRouteLocator","message":"Loaded RoutePredicateFactory [Before]"}
{"@timestamp":"2024-10-25T18:10:57.922734+02:00","level":"INFO","logger_name":"org.springframework.cloud.gateway.route.RouteDefinitionRouteLocator","message":"Loaded RoutePredicateFactory [Between]"}
{"@timestamp":"2024-10-25T18:10:57.922734+02:00","level":"INFO","logger_name":"org.springframework.cloud.gateway.route.RouteDefinitionRouteLocator","message":"Loaded RoutePredicateFactory [Cookie]"}
{"@timestamp":"2024-10-25T18:10:57.922734+02:00","level":"INFO","logger_name":"org.springframework.cloud.gateway.route.RouteDefinitionRouteLocator","message":"Loaded RoutePredicateFactory [Header]"}
{"@timestamp":"2024-10-25T18:10:57.922734+02:00","level":"INFO","logger_name":"org.springframework.cloud.gateway.route.RouteDefinitionRouteLocator","message":"Loaded RoutePredicateFactory [Host]"}
{"@timestamp":"2024-10-25T18:10:57.9237346+02:00","level":"INFO","logger_name":"org.springframework.cloud.gateway.route.RouteDefinitionRouteLocator","message":"Loaded RoutePredicateFactory [Method]"}
{"@timestamp":"2024-10-25T18:10:57.9237346+02:00","level":"INFO","logger_name":"org.springframework.cloud.gateway.route.RouteDefinitionRouteLocator","message":"Loaded RoutePredicateFactory [Path]"}
{"@timestamp":"2024-10-25T18:10:57.9237346+02:00","level":"INFO","logger_name":"org.springframework.cloud.gateway.route.RouteDefinitionRouteLocator","message":"Loaded RoutePredicateFactory [Query]"}
{"@timestamp":"2024-10-25T18:10:57.9237346+02:00","level":"INFO","logger_name":"org.springframework.cloud.gateway.route.RouteDefinitionRouteLocator","message":"Loaded RoutePredicateFactory [ReadBody]"}
{"@timestamp":"2024-10-25T18:10:57.9237346+02:00","level":"INFO","logger_name":"org.springframework.cloud.gateway.route.RouteDefinitionRouteLocator","message":"Loaded RoutePredicateFactory [RemoteAddr]"}
{"@timestamp":"2024-10-25T18:10:57.9237346+02:00","level":"INFO","logger_name":"org.springframework.cloud.gateway.route.RouteDefinitionRouteLocator","message":"Loaded RoutePredicateFactory [XForwardedRemoteAddr]"}
{"@timestamp":"2024-10-25T18:10:57.9237346+02:00","level":"INFO","logger_name":"org.springframework.cloud.gateway.route.RouteDefinitionRouteLocator","message":"Loaded RoutePredicateFactory [Weight]"}
{"@timestamp":"2024-10-25T18:10:57.9237346+02:00","level":"INFO","logger_name":"org.springframework.cloud.gateway.route.RouteDefinitionRouteLocator","message":"Loaded RoutePredicateFactory [CloudFoundryRouteService]"}
{"@timestamp":"2024-10-25T18:10:58.0520172+02:00","level":"INFO","logger_name":"org.springframework.boot.actuate.endpoint.web.EndpointLinksResolver","message":"Exposing 1 endpoint beneath base path '/actuator'"}
{"@timestamp":"2024-10-25T18:10:58.1655661+02:00","level":"WARN","logger_name":"org.springframework.cloud.loadbalancer.config.LoadBalancerCacheAutoConfiguration$LoadBalancerCaffeineWarnLogger","message":"Spring Cloud LoadBalancer is currently working with the default cache. While this cache implementation is useful for development and tests, it's recommended to use Caffeine cache in production.You can switch to using Caffeine cache, by adding it and org.springframework.cache.caffeine.CaffeineCacheManager to the classpath."}
{"@timestamp":"2024-10-25T18:10:58.2263224+02:00","level":"DEBUG","logger_name":"org.springframework.cloud.gateway.route.RouteDefinitionRouteLocator","message":"RouteDefinition authentication applying {_genkey_0=/api/user, _genkey_1=/api/user/**, _genkey_2=/api/user/auth, _genkey_3=/api/user/auth/**} to Path"}
{"@timestamp":"2024-10-25T18:10:58.2328266+02:00","level":"DEBUG","logger_name":"org.springframework.cloud.gateway.route.RouteDefinitionRouteLocator","message":"RouteDefinition authentication applying filter {retries=3, methods=GET, POST} to Retry"}
{"@timestamp":"2024-10-25T18:10:58.2398305+02:00","level":"DEBUG","logger_name":"org.springframework.cloud.gateway.route.RouteDefinitionRouteLocator","message":"RouteDefinition matched: authentication"}
{"@timestamp":"2024-10-25T18:10:58.2398305+02:00","level":"DEBUG","logger_name":"org.springframework.cloud.gateway.route.RouteDefinitionRouteLocator","message":"RouteDefinition dealership applying {_genkey_0=/api/car, _genkey_1=/api/car/**} to Path"}
{"@timestamp":"2024-10-25T18:10:58.2398305+02:00","level":"DEBUG","logger_name":"org.springframework.cloud.gateway.route.RouteDefinitionRouteLocator","message":"RouteDefinition dealership applying filter {retries=3, methods=GET, POST} to Retry"}
{"@timestamp":"2024-10-25T18:10:58.2408312+02:00","level":"DEBUG","logger_name":"org.springframework.cloud.gateway.route.RouteDefinitionRouteLocator","message":"RouteDefinition matched: dealership"}
{"@timestamp":"2024-10-25T18:10:58.2408312+02:00","level":"DEBUG","logger_name":"org.springframework.cloud.gateway.route.RouteDefinitionRouteLocator","message":"RouteDefinition cart applying {_genkey_0=/api/cart, _genkey_1=/api/cart/**, _genkey_2=/api/item, _genkey_3=/api/item/**, _genkey_4=/api/product/car, _genkey_5=/api/product/car/**} to Path"}
{"@timestamp":"2024-10-25T18:10:58.2408312+02:00","level":"DEBUG","logger_name":"org.springframework.cloud.gateway.route.RouteDefinitionRouteLocator","message":"RouteDefinition cart applying filter {retries=3, methods=GET, POST} to Retry"}
{"@timestamp":"2024-10-25T18:10:58.2418301+02:00","level":"DEBUG","logger_name":"org.springframework.cloud.gateway.route.RouteDefinitionRouteLocator","message":"RouteDefinition matched: cart"}
{"@timestamp":"2024-10-25T18:10:58.2483371+02:00","level":"DEBUG","logger_name":"org.springframework.cloud.gateway.filter.GatewayMetricsFilter","message":"New routes count: 3"}
{"@timestamp":"2024-10-25T18:10:58.2625192+02:00","level":"INFO","logger_name":"org.springframework.boot.web.embedded.netty.NettyWebServer","message":"Netty started on port 8000 (http)"}
{"@timestamp":"2024-10-25T18:10:58.2640216+02:00","level":"INFO","logger_name":"org.springframework.cloud.consul.serviceregistry.ConsulServiceRegistry","message":"Registering service with consul: NewService{id='Gateway-8000', name='Gateway', tags=[], address='host.docker.internal', meta={secure=false}, port=8000, enableTagOverride=null, check=Check{script='null', dockerContainerID='null', shell='null', interval='10s', ttl='null', http='http://host.docker.internal:8000/actuator/health', method='null', header={}, tcp='null', timeout='null', deregisterCriticalServiceAfter='null', tlsSkipVerify=null, status='null', grpc='null', grpcUseTLS=null}, checks=null}"}
{"@timestamp":"2024-10-25T18:10:58.270223+02:00","level":"DEBUG","logger_name":"org.springframework.cloud.gateway.route.RouteDefinitionRouteLocator","message":"RouteDefinition authentication applying {_genkey_0=/api/user, _genkey_1=/api/user/**, _genkey_2=/api/user/auth, _genkey_3=/api/user/auth/**} to Path"}
{"@timestamp":"2024-10-25T18:10:58.270223+02:00","level":"DEBUG","logger_name":"org.springframework.cloud.gateway.route.RouteDefinitionRouteLocator","message":"RouteDefinition authentication applying filter {retries=3, methods=GET, POST} to Retry"}
{"@timestamp":"2024-10-25T18:10:58.2712274+02:00","level":"DEBUG","logger_name":"org.springframework.cloud.gateway.route.RouteDefinitionRouteLocator","message":"RouteDefinition matched: authentication"}
{"@timestamp":"2024-10-25T18:10:58.2712274+02:00","level":"DEBUG","logger_name":"org.springframework.cloud.gateway.route.RouteDefinitionRouteLocator","message":"RouteDefinition dealership applying {_genkey_0=/api/car, _genkey_1=/api/car/**} to Path"}
{"@timestamp":"2024-10-25T18:10:58.2712274+02:00","level":"DEBUG","logger_name":"org.springframework.cloud.gateway.route.RouteDefinitionRouteLocator","message":"RouteDefinition dealership applying filter {retries=3, methods=GET, POST} to Retry"}
{"@timestamp":"2024-10-25T18:10:58.2712274+02:00","level":"DEBUG","logger_name":"org.springframework.cloud.gateway.route.RouteDefinitionRouteLocator","message":"RouteDefinition matched: dealership"}
{"@timestamp":"2024-10-25T18:10:58.2712274+02:00","level":"DEBUG","logger_name":"org.springframework.cloud.gateway.route.RouteDefinitionRouteLocator","message":"RouteDefinition cart applying {_genkey_0=/api/cart, _genkey_1=/api/cart/**, _genkey_2=/api/item, _genkey_3=/api/item/**, _genkey_4=/api/product/car, _genkey_5=/api/product/car/**} to Path"}
{"@timestamp":"2024-10-25T18:10:58.272227+02:00","level":"DEBUG","logger_name":"org.springframework.cloud.gateway.route.RouteDefinitionRouteLocator","message":"RouteDefinition cart applying filter {retries=3, methods=GET, POST} to Retry"}
{"@timestamp":"2024-10-25T18:10:58.272227+02:00","level":"DEBUG","logger_name":"org.springframework.cloud.gateway.route.RouteDefinitionRouteLocator","message":"RouteDefinition matched: cart"}
{"@timestamp":"2024-10-25T18:10:58.2732269+02:00","level":"DEBUG","logger_name":"org.springframework.cloud.gateway.filter.GatewayMetricsFilter","message":"New routes count: 3"}
{"@timestamp":"2024-10-25T18:10:58.2802261+02:00","level":"DEBUG","logger_name":"org.springframework.cloud.gateway.route.RouteDefinitionRouteLocator","message":"RouteDefinition authentication applying {_genkey_0=/api/user, _genkey_1=/api/user/**, _genkey_2=/api/user/auth, _genkey_3=/api/user/auth/**} to Path"}
{"@timestamp":"2024-10-25T18:10:58.2812256+02:00","level":"DEBUG","logger_name":"org.springframework.cloud.gateway.route.RouteDefinitionRouteLocator","message":"RouteDefinition authentication applying filter {retries=3, methods=GET, POST} to Retry"}
{"@timestamp":"2024-10-25T18:10:58.2812256+02:00","level":"DEBUG","logger_name":"org.springframework.cloud.gateway.route.RouteDefinitionRouteLocator","message":"RouteDefinition matched: authentication"}
{"@timestamp":"2024-10-25T18:10:58.2812256+02:00","level":"DEBUG","logger_name":"org.springframework.cloud.gateway.route.RouteDefinitionRouteLocator","message":"RouteDefinition dealership applying {_genkey_0=/api/car, _genkey_1=/api/car/**} to Path"}
{"@timestamp":"2024-10-25T18:10:58.2812256+02:00","level":"DEBUG","logger_name":"org.springframework.cloud.gateway.route.RouteDefinitionRouteLocator","message":"RouteDefinition dealership applying filter {retries=3, methods=GET, POST} to Retry"}
{"@timestamp":"2024-10-25T18:10:58.2822255+02:00","level":"DEBUG","logger_name":"org.springframework.cloud.gateway.route.RouteDefinitionRouteLocator","message":"RouteDefinition matched: dealership"}
{"@timestamp":"2024-10-25T18:10:58.2822255+02:00","level":"DEBUG","logger_name":"org.springframework.cloud.gateway.route.RouteDefinitionRouteLocator","message":"RouteDefinition cart applying {_genkey_0=/api/cart, _genkey_1=/api/cart/**, _genkey_2=/api/item, _genkey_3=/api/item/**, _genkey_4=/api/product/car, _genkey_5=/api/product/car/**} to Path"}
{"@timestamp":"2024-10-25T18:10:58.2822255+02:00","level":"DEBUG","logger_name":"org.springframework.cloud.gateway.route.RouteDefinitionRouteLocator","message":"RouteDefinition cart applying filter {retries=3, methods=GET, POST} to Retry"}
{"@timestamp":"2024-10-25T18:10:58.2832256+02:00","level":"DEBUG","logger_name":"org.springframework.cloud.gateway.route.RouteDefinitionRouteLocator","message":"RouteDefinition matched: cart"}
{"@timestamp":"2024-10-25T18:10:58.2832256+02:00","level":"DEBUG","logger_name":"org.springframework.cloud.gateway.filter.GatewayMetricsFilter","message":"New routes count: 3"}
{"@timestamp":"2024-10-25T18:10:58.2843617+02:00","level":"INFO","logger_name":"com.vehicle.gateway.GatewayApplication","message":"Started GatewayApplication in 1.547 seconds (process running for 1.822)"}
{"@timestamp":"2024-10-25T18:10:59.2538307+02:00","level":"DEBUG","logger_name":"org.springframework.cloud.gateway.route.RouteDefinitionRouteLocator","message":"RouteDefinition authentication applying {_genkey_0=/api/user, _genkey_1=/api/user/**, _genkey_2=/api/user/auth, _genkey_3=/api/user/auth/**} to Path"}
{"@timestamp":"2024-10-25T18:10:59.2548374+02:00","level":"DEBUG","logger_name":"org.springframework.cloud.gateway.route.RouteDefinitionRouteLocator","message":"RouteDefinition authentication applying filter {retries=3, methods=GET, POST} to Retry"}
{"@timestamp":"2024-10-25T18:10:59.2548374+02:00","level":"DEBUG","logger_name":"org.springframework.cloud.gateway.route.RouteDefinitionRouteLocator","message":"RouteDefinition matched: authentication"}
{"@timestamp":"2024-10-25T18:10:59.2548374+02:00","level":"DEBUG","logger_name":"org.springframework.cloud.gateway.route.RouteDefinitionRouteLocator","message":"RouteDefinition dealership applying {_genkey_0=/api/car, _genkey_1=/api/car/**} to Path"}
{"@timestamp":"2024-10-25T18:10:59.2558447+02:00","level":"DEBUG","logger_name":"org.springframework.cloud.gateway.route.RouteDefinitionRouteLocator","message":"RouteDefinition dealership applying filter {retries=3, methods=GET, POST} to Retry"}
{"@timestamp":"2024-10-25T18:10:59.2558447+02:00","level":"DEBUG","logger_name":"org.springframework.cloud.gateway.route.RouteDefinitionRouteLocator","message":"RouteDefinition matched: dealership"}
{"@timestamp":"2024-10-25T18:10:59.2558447+02:00","level":"DEBUG","logger_name":"org.springframework.cloud.gateway.route.RouteDefinitionRouteLocator","message":"RouteDefinition cart applying {_genkey_0=/api/cart, _genkey_1=/api/cart/**, _genkey_2=/api/item, _genkey_3=/api/item/**, _genkey_4=/api/product/car, _genkey_5=/api/product/car/**} to Path"}
{"@timestamp":"2024-10-25T18:10:59.2568382+02:00","level":"DEBUG","logger_name":"org.springframework.cloud.gateway.route.RouteDefinitionRouteLocator","message":"RouteDefinition cart applying filter {retries=3, methods=GET, POST} to Retry"}
{"@timestamp":"2024-10-25T18:10:59.2568382+02:00","level":"DEBUG","logger_name":"org.springframework.cloud.gateway.route.RouteDefinitionRouteLocator","message":"RouteDefinition matched: cart"}
{"@timestamp":"2024-10-25T18:10:59.2568382+02:00","level":"DEBUG","logger_name":"org.springframework.cloud.gateway.filter.GatewayMetricsFilter","message":"New routes count: 3"}
{"@timestamp":"2024-10-25T18:11:06.0074499+02:00","level":"INFO","logger_name":"org.springframework.cloud.consul.serviceregistry.ConsulServiceRegistry","message":"Deregistering service with consul: Gateway-8000"}
{"@timestamp":"2024-10-25T18:11:07.6049901+02:00","level":"INFO","logger_name":"org.hibernate.validator.internal.util.Version","message":"HV000001: Hibernate Validator 8.0.1.Final"}
{"@timestamp":"2024-10-25T18:11:07.622499+02:00","level":"INFO","logger_name":"com.vehicle.gateway.GatewayApplication","message":"Starting GatewayApplication using Java 23.0.1 with PID 35328 (C:\\Users\\Jokubas\\Documents\\Programming\\Kristiania\\Year 3\\Microservices\\Vehicle Store\\Gateway\\target\\classes started by Jokubas in C:\\Users\\Jokubas\\Documents\\Programming\\Kristiania\\Year 3\\Microservices\\Vehicle Store)"}
{"@timestamp":"2024-10-25T18:11:07.622499+02:00","level":"INFO","logger_name":"com.vehicle.gateway.GatewayApplication","message":"No active profile set, falling back to 1 default profile: \"default\""}
{"@timestamp":"2024-10-25T18:11:08.0568944+02:00","level":"INFO","logger_name":"org.springframework.cloud.context.scope.GenericScope","message":"BeanFactory id=fd226752-405b-3eca-a08a-aa064f02af54"}
{"@timestamp":"2024-10-25T18:11:08.0884152+02:00","level":"WARN","logger_name":"org.springframework.context.support.PostProcessorRegistrationDelegate$BeanPostProcessorChecker","message":"Bean 'org.springframework.cloud.client.loadbalancer.LoadBalancerAutoConfiguration$DeferringLoadBalancerInterceptorConfig' of type [org.springframework.cloud.client.loadbalancer.LoadBalancerAutoConfiguration$DeferringLoadBalancerInterceptorConfig] is not eligible for getting processed by all BeanPostProcessors (for example: not eligible for auto-proxying). The currently created BeanPostProcessor [lbRestClientPostProcessor] is declared through a non-static factory method on that class; consider declaring it as static instead."}
{"@timestamp":"2024-10-25T18:11:08.0894154+02:00","level":"WARN","logger_name":"org.springframework.context.support.PostProcessorRegistrationDelegate$BeanPostProcessorChecker","message":"Bean 'deferringLoadBalancerInterceptor' of type [org.springframework.cloud.client.loadbalancer.DeferringLoadBalancerInterceptor] is not eligible for getting processed by all BeanPostProcessors (for example: not eligible for auto-proxying). Is this bean getting eagerly injected into a currently created BeanPostProcessor [lbRestClientPostProcessor]? Check the corresponding BeanPostProcessor declaration and its dependencies."}
{"@timestamp":"2024-10-25T18:11:08.0904145+02:00","level":"WARN","logger_name":"org.springframework.context.support.PostProcessorRegistrationDelegate$BeanPostProcessorChecker","message":"Bean 'org.springframework.cloud.client.loadbalancer.reactive.LoadBalancerBeanPostProcessorAutoConfiguration' of type [org.springframework.cloud.client.loadbalancer.reactive.LoadBalancerBeanPostProcessorAutoConfiguration] is not eligible for getting processed by all BeanPostProcessors (for example: not eligible for auto-proxying). The currently created BeanPostProcessor [loadBalancerWebClientBuilderBeanPostProcessor] is declared through a non-static factory method on that class; consider declaring it as static instead."}
{"@timestamp":"2024-10-25T18:11:08.0914153+02:00","level":"WARN","logger_name":"org.springframework.context.support.PostProcessorRegistrationDelegate$BeanPostProcessorChecker","message":"Bean 'org.springframework.cloud.client.loadbalancer.reactive.LoadBalancerBeanPostProcessorAutoConfiguration$ReactorDeferringLoadBalancerFilterConfig' of type [org.springframework.cloud.client.loadbalancer.reactive.LoadBalancerBeanPostProcessorAutoConfiguration$ReactorDeferringLoadBalancerFilterConfig] is not eligible for getting processed by all BeanPostProcessors (for example: not eligible for auto-proxying). Is this bean getting eagerly injected into a currently created BeanPostProcessor [loadBalancerWebClientBuilderBeanPostProcessor]? Check the corresponding BeanPostProcessor declaration and its dependencies."}
{"@timestamp":"2024-10-25T18:11:08.0914153+02:00","level":"WARN","logger_name":"org.springframework.context.support.PostProcessorRegistrationDelegate$BeanPostProcessorChecker","message":"Bean 'reactorDeferringLoadBalancerExchangeFilterFunction' of type [org.springframework.cloud.client.loadbalancer.reactive.DeferringLoadBalancerExchangeFilterFunction] is not eligible for getting processed by all BeanPostProcessors (for example: not eligible for auto-proxying). Is this bean getting eagerly injected into a currently created BeanPostProcessor [loadBalancerWebClientBuilderBeanPostProcessor]? Check the corresponding BeanPostProcessor declaration and its dependencies."}
{"@timestamp":"2024-10-25T18:11:08.4375612+02:00","level":"DEBUG","logger_name":"org.springframework.cloud.gateway.config.GatewayProperties","message":"Routes supplied from Gateway Properties: [RouteDefinition{id='authentication', predicates=[PredicateDefinition{name='Path', args={_genkey_0=/api/user, _genkey_1=/api/user/**, _genkey_2=/api/user/auth, _genkey_3=/api/user/auth/**}}], filters=[], uri=lb://authentication/, order=0, metadata={}}, RouteDefinition{id='dealership', predicates=[PredicateDefinition{name='Path', args={_genkey_0=/api/car, _genkey_1=/api/car/**}}], filters=[], uri=lb://dealership/, order=0, metadata={}}, RouteDefinition{id='cart', predicates=[PredicateDefinition{name='Path', args={_genkey_0=/api/cart, _genkey_1=/api/cart/**, _genkey_2=/api/item, _genkey_3=/api/item/**, _genkey_4=/api/product/car, _genkey_5=/api/product/car/**}}], filters=[], uri=lb://cart/, order=0, metadata={}}]"}
{"@timestamp":"2024-10-25T18:11:08.4900799+02:00","level":"INFO","logger_name":"org.springframework.cloud.gateway.route.RouteDefinitionRouteLocator","message":"Loaded RoutePredicateFactory [After]"}
{"@timestamp":"2024-10-25T18:11:08.4900799+02:00","level":"INFO","logger_name":"org.springframework.cloud.gateway.route.RouteDefinitionRouteLocator","message":"Loaded RoutePredicateFactory [Before]"}
{"@timestamp":"2024-10-25T18:11:08.4900799+02:00","level":"INFO","logger_name":"org.springframework.cloud.gateway.route.RouteDefinitionRouteLocator","message":"Loaded RoutePredicateFactory [Between]"}
{"@timestamp":"2024-10-25T18:11:08.4900799+02:00","level":"INFO","logger_name":"org.springframework.cloud.gateway.route.RouteDefinitionRouteLocator","message":"Loaded RoutePredicateFactory [Cookie]"}
{"@timestamp":"2024-10-25T18:11:08.4900799+02:00","level":"INFO","logger_name":"org.springframework.cloud.gateway.route.RouteDefinitionRouteLocator","message":"Loaded RoutePredicateFactory [Header]"}
{"@timestamp":"2024-10-25T18:11:08.4900799+02:00","level":"INFO","logger_name":"org.springframework.cloud.gateway.route.RouteDefinitionRouteLocator","message":"Loaded RoutePredicateFactory [Host]"}
{"@timestamp":"2024-10-25T18:11:08.4900799+02:00","level":"INFO","logger_name":"org.springframework.cloud.gateway.route.RouteDefinitionRouteLocator","message":"Loaded RoutePredicateFactory [Method]"}
{"@timestamp":"2024-10-25T18:11:08.4900799+02:00","level":"INFO","logger_name":"org.springframework.cloud.gateway.route.RouteDefinitionRouteLocator","message":"Loaded RoutePredicateFactory [Path]"}
{"@timestamp":"2024-10-25T18:11:08.4900799+02:00","level":"INFO","logger_name":"org.springframework.cloud.gateway.route.RouteDefinitionRouteLocator","message":"Loaded RoutePredicateFactory [Query]"}
{"@timestamp":"2024-10-25T18:11:08.4900799+02:00","level":"INFO","logger_name":"org.springframework.cloud.gateway.route.RouteDefinitionRouteLocator","message":"Loaded RoutePredicateFactory [ReadBody]"}
{"@timestamp":"2024-10-25T18:11:08.4900799+02:00","level":"INFO","logger_name":"org.springframework.cloud.gateway.route.RouteDefinitionRouteLocator","message":"Loaded RoutePredicateFactory [RemoteAddr]"}
{"@timestamp":"2024-10-25T18:11:08.4900799+02:00","level":"INFO","logger_name":"org.springframework.cloud.gateway.route.RouteDefinitionRouteLocator","message":"Loaded RoutePredicateFactory [XForwardedRemoteAddr]"}
{"@timestamp":"2024-10-25T18:11:08.4900799+02:00","level":"INFO","logger_name":"org.springframework.cloud.gateway.route.RouteDefinitionRouteLocator","message":"Loaded RoutePredicateFactory [Weight]"}
{"@timestamp":"2024-10-25T18:11:08.4900799+02:00","level":"INFO","logger_name":"org.springframework.cloud.gateway.route.RouteDefinitionRouteLocator","message":"Loaded RoutePredicateFactory [CloudFoundryRouteService]"}
{"@timestamp":"2024-10-25T18:11:08.6136013+02:00","level":"INFO","logger_name":"org.springframework.boot.actuate.endpoint.web.EndpointLinksResolver","message":"Exposing 1 endpoint beneath base path '/actuator'"}
{"@timestamp":"2024-10-25T18:11:08.7409473+02:00","level":"WARN","logger_name":"org.springframework.cloud.loadbalancer.config.LoadBalancerCacheAutoConfiguration$LoadBalancerCaffeineWarnLogger","message":"Spring Cloud LoadBalancer is currently working with the default cache. While this cache implementation is useful for development and tests, it's recommended to use Caffeine cache in production.You can switch to using Caffeine cache, by adding it and org.springframework.cache.caffeine.CaffeineCacheManager to the classpath."}
{"@timestamp":"2024-10-25T18:11:08.7967608+02:00","level":"DEBUG","logger_name":"org.springframework.cloud.gateway.route.RouteDefinitionRouteLocator","message":"RouteDefinition authentication applying {_genkey_0=/api/user, _genkey_1=/api/user/**, _genkey_2=/api/user/auth, _genkey_3=/api/user/auth/**} to Path"}
{"@timestamp":"2024-10-25T18:11:08.8027604+02:00","level":"DEBUG","logger_name":"org.springframework.cloud.gateway.route.RouteDefinitionRouteLocator","message":"RouteDefinition authentication applying filter {retries=3, methods=GET, POST} to Retry"}
{"@timestamp":"2024-10-25T18:11:08.8104202+02:00","level":"DEBUG","logger_name":"org.springframework.cloud.gateway.route.RouteDefinitionRouteLocator","message":"RouteDefinition matched: authentication"}
{"@timestamp":"2024-10-25T18:11:08.8104202+02:00","level":"DEBUG","logger_name":"org.springframework.cloud.gateway.route.RouteDefinitionRouteLocator","message":"RouteDefinition dealership applying {_genkey_0=/api/car, _genkey_1=/api/car/**} to Path"}
{"@timestamp":"2024-10-25T18:11:08.8104202+02:00","level":"DEBUG","logger_name":"org.springframework.cloud.gateway.route.RouteDefinitionRouteLocator","message":"RouteDefinition dealership applying filter {retries=3, methods=GET, POST} to Retry"}
{"@timestamp":"2024-10-25T18:11:08.8114196+02:00","level":"DEBUG","logger_name":"org.springframework.cloud.gateway.route.RouteDefinitionRouteLocator","message":"RouteDefinition matched: dealership"}
{"@timestamp":"2024-10-25T18:11:08.8114196+02:00","level":"DEBUG","logger_name":"org.springframework.cloud.gateway.route.RouteDefinitionRouteLocator","message":"RouteDefinition cart applying {_genkey_0=/api/cart, _genkey_1=/api/cart/**, _genkey_2=/api/item, _genkey_3=/api/item/**, _genkey_4=/api/product/car, _genkey_5=/api/product/car/**} to Path"}
{"@timestamp":"2024-10-25T18:11:08.8114196+02:00","level":"DEBUG","logger_name":"org.springframework.cloud.gateway.route.RouteDefinitionRouteLocator","message":"RouteDefinition cart applying filter {retries=3, methods=GET, POST} to Retry"}
{"@timestamp":"2024-10-25T18:11:08.8124195+02:00","level":"DEBUG","logger_name":"org.springframework.cloud.gateway.route.RouteDefinitionRouteLocator","message":"RouteDefinition matched: cart"}
{"@timestamp":"2024-10-25T18:11:08.8144199+02:00","level":"DEBUG","logger_name":"org.springframework.cloud.gateway.filter.GatewayMetricsFilter","message":"New routes count: 3"}
{"@timestamp":"2024-10-25T18:11:08.8320588+02:00","level":"INFO","logger_name":"org.springframework.boot.web.embedded.netty.NettyWebServer","message":"Netty started on port 8000 (http)"}
{"@timestamp":"2024-10-25T18:11:08.8330595+02:00","level":"INFO","logger_name":"org.springframework.cloud.consul.serviceregistry.ConsulServiceRegistry","message":"Registering service with consul: NewService{id='Gateway-8000', name='Gateway', tags=[], address='host.docker.internal', meta={secure=false}, port=8000, enableTagOverride=null, check=Check{script='null', dockerContainerID='null', shell='null', interval='10s', ttl='null', http='http://host.docker.internal:8000/actuator/health', method='null', header={}, tcp='null', timeout='null', deregisterCriticalServiceAfter='null', tlsSkipVerify=null, status='null', grpc='null', grpcUseTLS=null}, checks=null}"}
{"@timestamp":"2024-10-25T18:11:08.8415541+02:00","level":"DEBUG","logger_name":"org.springframework.cloud.gateway.route.RouteDefinitionRouteLocator","message":"RouteDefinition authentication applying {_genkey_0=/api/user, _genkey_1=/api/user/**, _genkey_2=/api/user/auth, _genkey_3=/api/user/auth/**} to Path"}
{"@timestamp":"2024-10-25T18:11:08.8425578+02:00","level":"DEBUG","logger_name":"org.springframework.cloud.gateway.route.RouteDefinitionRouteLocator","message":"RouteDefinition authentication applying filter {retries=3, methods=GET, POST} to Retry"}
{"@timestamp":"2024-10-25T18:11:08.843559+02:00","level":"DEBUG","logger_name":"org.springframework.cloud.gateway.route.RouteDefinitionRouteLocator","message":"RouteDefinition matched: authentication"}
{"@timestamp":"2024-10-25T18:11:08.843559+02:00","level":"DEBUG","logger_name":"org.springframework.cloud.gateway.route.RouteDefinitionRouteLocator","message":"RouteDefinition dealership applying {_genkey_0=/api/car, _genkey_1=/api/car/**} to Path"}
{"@timestamp":"2024-10-25T18:11:08.844558+02:00","level":"DEBUG","logger_name":"org.springframework.cloud.gateway.route.RouteDefinitionRouteLocator","message":"RouteDefinition dealership applying filter {retries=3, methods=GET, POST} to Retry"}
{"@timestamp":"2024-10-25T18:11:08.844558+02:00","level":"DEBUG","logger_name":"org.springframework.cloud.gateway.route.RouteDefinitionRouteLocator","message":"RouteDefinition matched: dealership"}
{"@timestamp":"2024-10-25T18:11:08.844558+02:00","level":"DEBUG","logger_name":"org.springframework.cloud.gateway.route.RouteDefinitionRouteLocator","message":"RouteDefinition cart applying {_genkey_0=/api/cart, _genkey_1=/api/cart/**, _genkey_2=/api/item, _genkey_3=/api/item/**, _genkey_4=/api/product/car, _genkey_5=/api/product/car/**} to Path"}
{"@timestamp":"2024-10-25T18:11:08.844558+02:00","level":"DEBUG","logger_name":"org.springframework.cloud.gateway.route.RouteDefinitionRouteLocator","message":"RouteDefinition cart applying filter {retries=3, methods=GET, POST} to Retry"}
{"@timestamp":"2024-10-25T18:11:08.8455579+02:00","level":"DEBUG","logger_name":"org.springframework.cloud.gateway.route.RouteDefinitionRouteLocator","message":"RouteDefinition matched: cart"}
{"@timestamp":"2024-10-25T18:11:08.8465579+02:00","level":"DEBUG","logger_name":"org.springframework.cloud.gateway.filter.GatewayMetricsFilter","message":"New routes count: 3"}
{"@timestamp":"2024-10-25T18:11:08.8581371+02:00","level":"DEBUG","logger_name":"org.springframework.cloud.gateway.route.RouteDefinitionRouteLocator","message":"RouteDefinition authentication applying {_genkey_0=/api/user, _genkey_1=/api/user/**, _genkey_2=/api/user/auth, _genkey_3=/api/user/auth/**} to Path"}
{"@timestamp":"2024-10-25T18:11:08.8591371+02:00","level":"DEBUG","logger_name":"org.springframework.cloud.gateway.route.RouteDefinitionRouteLocator","message":"RouteDefinition authentication applying filter {retries=3, methods=GET, POST} to Retry"}
{"@timestamp":"2024-10-25T18:11:08.8591371+02:00","level":"DEBUG","logger_name":"org.springframework.cloud.gateway.route.RouteDefinitionRouteLocator","message":"RouteDefinition matched: authentication"}
{"@timestamp":"2024-10-25T18:11:08.8591371+02:00","level":"DEBUG","logger_name":"org.springframework.cloud.gateway.route.RouteDefinitionRouteLocator","message":"RouteDefinition dealership applying {_genkey_0=/api/car, _genkey_1=/api/car/**} to Path"}
{"@timestamp":"2024-10-25T18:11:08.8601368+02:00","level":"DEBUG","logger_name":"org.springframework.cloud.gateway.route.RouteDefinitionRouteLocator","message":"RouteDefinition dealership applying filter {retries=3, methods=GET, POST} to Retry"}
{"@timestamp":"2024-10-25T18:11:08.8601368+02:00","level":"DEBUG","logger_name":"org.springframework.cloud.gateway.route.RouteDefinitionRouteLocator","message":"RouteDefinition matched: dealership"}
{"@timestamp":"2024-10-25T18:11:08.8601368+02:00","level":"DEBUG","logger_name":"org.springframework.cloud.gateway.route.RouteDefinitionRouteLocator","message":"RouteDefinition cart applying {_genkey_0=/api/cart, _genkey_1=/api/cart/**, _genkey_2=/api/item, _genkey_3=/api/item/**, _genkey_4=/api/product/car, _genkey_5=/api/product/car/**} to Path"}
{"@timestamp":"2024-10-25T18:11:08.8601368+02:00","level":"DEBUG","logger_name":"org.springframework.cloud.gateway.route.RouteDefinitionRouteLocator","message":"RouteDefinition cart applying filter {retries=3, methods=GET, POST} to Retry"}
{"@timestamp":"2024-10-25T18:11:08.8611375+02:00","level":"DEBUG","logger_name":"org.springframework.cloud.gateway.route.RouteDefinitionRouteLocator","message":"RouteDefinition matched: cart"}
{"@timestamp":"2024-10-25T18:11:08.8611375+02:00","level":"DEBUG","logger_name":"org.springframework.cloud.gateway.filter.GatewayMetricsFilter","message":"New routes count: 3"}
{"@timestamp":"2024-10-25T18:11:08.8621378+02:00","level":"INFO","logger_name":"com.vehicle.gateway.GatewayApplication","message":"Started GatewayApplication in 1.613 seconds (process running for 1.922)"}
{"@timestamp":"2024-10-25T18:11:09.8332669+02:00","level":"DEBUG","logger_name":"org.springframework.cloud.gateway.route.RouteDefinitionRouteLocator","message":"RouteDefinition authentication applying {_genkey_0=/api/user, _genkey_1=/api/user/**, _genkey_2=/api/user/auth, _genkey_3=/api/user/auth/**} to Path"}
{"@timestamp":"2024-10-25T18:11:09.8332669+02:00","level":"DEBUG","logger_name":"org.springframework.cloud.gateway.route.RouteDefinitionRouteLocator","message":"RouteDefinition authentication applying filter {retries=3, methods=GET, POST} to Retry"}
{"@timestamp":"2024-10-25T18:11:09.8342665+02:00","level":"DEBUG","logger_name":"org.springframework.cloud.gateway.route.RouteDefinitionRouteLocator","message":"RouteDefinition matched: authentication"}
{"@timestamp":"2024-10-25T18:11:09.8342665+02:00","level":"DEBUG","logger_name":"org.springframework.cloud.gateway.route.RouteDefinitionRouteLocator","message":"RouteDefinition dealership applying {_genkey_0=/api/car, _genkey_1=/api/car/**} to Path"}
{"@timestamp":"2024-10-25T18:11:09.8342665+02:00","level":"DEBUG","logger_name":"org.springframework.cloud.gateway.route.RouteDefinitionRouteLocator","message":"RouteDefinition dealership applying filter {retries=3, methods=GET, POST} to Retry"}
{"@timestamp":"2024-10-25T18:11:09.8352665+02:00","level":"DEBUG","logger_name":"org.springframework.cloud.gateway.route.RouteDefinitionRouteLocator","message":"RouteDefinition matched: dealership"}
{"@timestamp":"2024-10-25T18:11:09.8352665+02:00","level":"DEBUG","logger_name":"org.springframework.cloud.gateway.route.RouteDefinitionRouteLocator","message":"RouteDefinition cart applying {_genkey_0=/api/cart, _genkey_1=/api/cart/**, _genkey_2=/api/item, _genkey_3=/api/item/**, _genkey_4=/api/product/car, _genkey_5=/api/product/car/**} to Path"}
{"@timestamp":"2024-10-25T18:11:09.8352665+02:00","level":"DEBUG","logger_name":"org.springframework.cloud.gateway.route.RouteDefinitionRouteLocator","message":"RouteDefinition cart applying filter {retries=3, methods=GET, POST} to Retry"}
{"@timestamp":"2024-10-25T18:11:09.8362662+02:00","level":"DEBUG","logger_name":"org.springframework.cloud.gateway.route.RouteDefinitionRouteLocator","message":"RouteDefinition matched: cart"}
{"@timestamp":"2024-10-25T18:11:09.8362662+02:00","level":"DEBUG","logger_name":"org.springframework.cloud.gateway.filter.GatewayMetricsFilter","message":"New routes count: 3"}
{"@timestamp":"2024-10-25T18:21:01.3880761+02:00","level":"DEBUG","logger_name":"org.springframework.cloud.gateway.route.RouteDefinitionRouteLocator","message":"RouteDefinition authentication applying {_genkey_0=/api/user, _genkey_1=/api/user/**, _genkey_2=/api/user/auth, _genkey_3=/api/user/auth/**} to Path"}
{"@timestamp":"2024-10-25T18:21:01.3916011+02:00","level":"DEBUG","logger_name":"org.springframework.cloud.gateway.route.RouteDefinitionRouteLocator","message":"RouteDefinition authentication applying filter {retries=3, methods=GET, POST} to Retry"}
{"@timestamp":"2024-10-25T18:21:01.3936022+02:00","level":"DEBUG","logger_name":"org.springframework.cloud.gateway.route.RouteDefinitionRouteLocator","message":"RouteDefinition matched: authentication"}
{"@timestamp":"2024-10-25T18:21:01.3936022+02:00","level":"DEBUG","logger_name":"org.springframework.cloud.gateway.route.RouteDefinitionRouteLocator","message":"RouteDefinition dealership applying {_genkey_0=/api/car, _genkey_1=/api/car/**} to Path"}
{"@timestamp":"2024-10-25T18:21:01.3936022+02:00","level":"DEBUG","logger_name":"org.springframework.cloud.gateway.route.RouteDefinitionRouteLocator","message":"RouteDefinition dealership applying filter {retries=3, methods=GET, POST} to Retry"}
{"@timestamp":"2024-10-25T18:21:01.3946017+02:00","level":"DEBUG","logger_name":"org.springframework.cloud.gateway.route.RouteDefinitionRouteLocator","message":"RouteDefinition matched: dealership"}
{"@timestamp":"2024-10-25T18:21:01.3946017+02:00","level":"DEBUG","logger_name":"org.springframework.cloud.gateway.route.RouteDefinitionRouteLocator","message":"RouteDefinition cart applying {_genkey_0=/api/cart, _genkey_1=/api/cart/**, _genkey_2=/api/item, _genkey_3=/api/item/**, _genkey_4=/api/product/car, _genkey_5=/api/product/car/**} to Path"}
{"@timestamp":"2024-10-25T18:21:01.3946017+02:00","level":"DEBUG","logger_name":"org.springframework.cloud.gateway.route.RouteDefinitionRouteLocator","message":"RouteDefinition cart applying filter {retries=3, methods=GET, POST} to Retry"}
{"@timestamp":"2024-10-25T18:21:01.3955999+02:00","level":"DEBUG","logger_name":"org.springframework.cloud.gateway.route.RouteDefinitionRouteLocator","message":"RouteDefinition matched: cart"}
{"@timestamp":"2024-10-25T18:21:01.3955999+02:00","level":"DEBUG","logger_name":"org.springframework.cloud.gateway.filter.GatewayMetricsFilter","message":"New routes count: 3"}
{"@timestamp":"2024-10-25T18:21:05.5073469+02:00","level":"DEBUG","logger_name":"org.springframework.cloud.gateway.route.RouteDefinitionRouteLocator","message":"RouteDefinition authentication applying {_genkey_0=/api/user, _genkey_1=/api/user/**, _genkey_2=/api/user/auth, _genkey_3=/api/user/auth/**} to Path"}
{"@timestamp":"2024-10-25T18:21:05.5073469+02:00","level":"DEBUG","logger_name":"org.springframework.cloud.gateway.route.RouteDefinitionRouteLocator","message":"RouteDefinition authentication applying filter {retries=3, methods=GET, POST} to Retry"}
{"@timestamp":"2024-10-25T18:21:05.5083647+02:00","level":"DEBUG","logger_name":"org.springframework.cloud.gateway.route.RouteDefinitionRouteLocator","message":"RouteDefinition matched: authentication"}
{"@timestamp":"2024-10-25T18:21:05.5083647+02:00","level":"DEBUG","logger_name":"org.springframework.cloud.gateway.route.RouteDefinitionRouteLocator","message":"RouteDefinition dealership applying {_genkey_0=/api/car, _genkey_1=/api/car/**} to Path"}
{"@timestamp":"2024-10-25T18:21:05.5083647+02:00","level":"DEBUG","logger_name":"org.springframework.cloud.gateway.route.RouteDefinitionRouteLocator","message":"RouteDefinition dealership applying filter {retries=3, methods=GET, POST} to Retry"}
{"@timestamp":"2024-10-25T18:21:05.5083647+02:00","level":"DEBUG","logger_name":"org.springframework.cloud.gateway.route.RouteDefinitionRouteLocator","message":"RouteDefinition matched: dealership"}
{"@timestamp":"2024-10-25T18:21:05.509364+02:00","level":"DEBUG","logger_name":"org.springframework.cloud.gateway.route.RouteDefinitionRouteLocator","message":"RouteDefinition cart applying {_genkey_0=/api/cart, _genkey_1=/api/cart/**, _genkey_2=/api/item, _genkey_3=/api/item/**, _genkey_4=/api/product/car, _genkey_5=/api/product/car/**} to Path"}
{"@timestamp":"2024-10-25T18:21:05.509364+02:00","level":"DEBUG","logger_name":"org.springframework.cloud.gateway.route.RouteDefinitionRouteLocator","message":"RouteDefinition cart applying filter {retries=3, methods=GET, POST} to Retry"}
{"@timestamp":"2024-10-25T18:21:05.509364+02:00","level":"DEBUG","logger_name":"org.springframework.cloud.gateway.route.RouteDefinitionRouteLocator","message":"RouteDefinition matched: cart"}
{"@timestamp":"2024-10-25T18:21:05.509364+02:00","level":"DEBUG","logger_name":"org.springframework.cloud.gateway.filter.GatewayMetricsFilter","message":"New routes count: 3"}
{"@timestamp":"2024-10-25T18:21:10.970649+02:00","level":"DEBUG","logger_name":"org.springframework.cloud.gateway.route.RouteDefinitionRouteLocator","message":"RouteDefinition authentication applying {_genkey_0=/api/user, _genkey_1=/api/user/**, _genkey_2=/api/user/auth, _genkey_3=/api/user/auth/**} to Path"}
{"@timestamp":"2024-10-25T18:21:10.9711711+02:00","level":"DEBUG","logger_name":"org.springframework.cloud.gateway.route.RouteDefinitionRouteLocator","message":"RouteDefinition authentication applying filter {retries=3, methods=GET, POST} to Retry"}
{"@timestamp":"2024-10-25T18:21:10.9711711+02:00","level":"DEBUG","logger_name":"org.springframework.cloud.gateway.route.RouteDefinitionRouteLocator","message":"RouteDefinition matched: authentication"}
{"@timestamp":"2024-10-25T18:21:10.9711711+02:00","level":"DEBUG","logger_name":"org.springframework.cloud.gateway.route.RouteDefinitionRouteLocator","message":"RouteDefinition dealership applying {_genkey_0=/api/car, _genkey_1=/api/car/**} to Path"}
{"@timestamp":"2024-10-25T18:21:10.9721853+02:00","level":"DEBUG","logger_name":"org.springframework.cloud.gateway.route.RouteDefinitionRouteLocator","message":"RouteDefinition dealership applying filter {retries=3, methods=GET, POST} to Retry"}
{"@timestamp":"2024-10-25T18:21:10.9721853+02:00","level":"DEBUG","logger_name":"org.springframework.cloud.gateway.route.RouteDefinitionRouteLocator","message":"RouteDefinition matched: dealership"}
{"@timestamp":"2024-10-25T18:21:10.9721853+02:00","level":"DEBUG","logger_name":"org.springframework.cloud.gateway.route.RouteDefinitionRouteLocator","message":"RouteDefinition cart applying {_genkey_0=/api/cart, _genkey_1=/api/cart/**, _genkey_2=/api/item, _genkey_3=/api/item/**, _genkey_4=/api/product/car, _genkey_5=/api/product/car/**} to Path"}
{"@timestamp":"2024-10-25T18:21:10.9721853+02:00","level":"DEBUG","logger_name":"org.springframework.cloud.gateway.route.RouteDefinitionRouteLocator","message":"RouteDefinition cart applying filter {retries=3, methods=GET, POST} to Retry"}
{"@timestamp":"2024-10-25T18:21:10.9731849+02:00","level":"DEBUG","logger_name":"org.springframework.cloud.gateway.route.RouteDefinitionRouteLocator","message":"RouteDefinition matched: cart"}
{"@timestamp":"2024-10-25T18:21:10.9731849+02:00","level":"DEBUG","logger_name":"org.springframework.cloud.gateway.filter.GatewayMetricsFilter","message":"New routes count: 3"}
{"@timestamp":"2024-10-25T18:21:15.8567113+02:00","level":"DEBUG","logger_name":"org.springframework.cloud.gateway.route.RouteDefinitionRouteLocator","message":"RouteDefinition authentication applying {_genkey_0=/api/user, _genkey_1=/api/user/**, _genkey_2=/api/user/auth, _genkey_3=/api/user/auth/**} to Path"}
{"@timestamp":"2024-10-25T18:21:15.8567113+02:00","level":"DEBUG","logger_name":"org.springframework.cloud.gateway.route.RouteDefinitionRouteLocator","message":"RouteDefinition authentication applying filter {retries=3, methods=GET, POST} to Retry"}
{"@timestamp":"2024-10-25T18:21:15.8577361+02:00","level":"DEBUG","logger_name":"org.springframework.cloud.gateway.route.RouteDefinitionRouteLocator","message":"RouteDefinition matched: authentication"}
{"@timestamp":"2024-10-25T18:21:15.8577361+02:00","level":"DEBUG","logger_name":"org.springframework.cloud.gateway.route.RouteDefinitionRouteLocator","message":"RouteDefinition dealership applying {_genkey_0=/api/car, _genkey_1=/api/car/**} to Path"}
{"@timestamp":"2024-10-25T18:21:15.8577361+02:00","level":"DEBUG","logger_name":"org.springframework.cloud.gateway.route.RouteDefinitionRouteLocator","message":"RouteDefinition dealership applying filter {retries=3, methods=GET, POST} to Retry"}
{"@timestamp":"2024-10-25T18:21:15.8587206+02:00","level":"DEBUG","logger_name":"org.springframework.cloud.gateway.route.RouteDefinitionRouteLocator","message":"RouteDefinition matched: dealership"}
{"@timestamp":"2024-10-25T18:21:15.8587206+02:00","level":"DEBUG","logger_name":"org.springframework.cloud.gateway.route.RouteDefinitionRouteLocator","message":"RouteDefinition cart applying {_genkey_0=/api/cart, _genkey_1=/api/cart/**, _genkey_2=/api/item, _genkey_3=/api/item/**, _genkey_4=/api/product/car, _genkey_5=/api/product/car/**} to Path"}
{"@timestamp":"2024-10-25T18:21:15.8587206+02:00","level":"DEBUG","logger_name":"org.springframework.cloud.gateway.route.RouteDefinitionRouteLocator","message":"RouteDefinition cart applying filter {retries=3, methods=GET, POST} to Retry"}
{"@timestamp":"2024-10-25T18:21:15.8587206+02:00","level":"DEBUG","logger_name":"org.springframework.cloud.gateway.route.RouteDefinitionRouteLocator","message":"RouteDefinition matched: cart"}
{"@timestamp":"2024-10-25T18:21:15.8587206+02:00","level":"DEBUG","logger_name":"org.springframework.cloud.gateway.filter.GatewayMetricsFilter","message":"New routes count: 3"}
{"@timestamp":"2024-10-25T18:21:26.0333782+02:00","level":"DEBUG","logger_name":"org.springframework.cloud.gateway.route.RouteDefinitionRouteLocator","message":"RouteDefinition authentication applying {_genkey_0=/api/user, _genkey_1=/api/user/**, _genkey_2=/api/user/auth, _genkey_3=/api/user/auth/**} to Path"}
{"@timestamp":"2024-10-25T18:21:26.0343848+02:00","level":"DEBUG","logger_name":"org.springframework.cloud.gateway.route.RouteDefinitionRouteLocator","message":"RouteDefinition authentication applying filter {retries=3, methods=GET, POST} to Retry"}
{"@timestamp":"2024-10-25T18:21:26.0354847+02:00","level":"DEBUG","logger_name":"org.springframework.cloud.gateway.route.RouteDefinitionRouteLocator","message":"RouteDefinition matched: authentication"}
{"@timestamp":"2024-10-25T18:21:26.0354847+02:00","level":"DEBUG","logger_name":"org.springframework.cloud.gateway.route.RouteDefinitionRouteLocator","message":"RouteDefinition dealership applying {_genkey_0=/api/car, _genkey_1=/api/car/**} to Path"}
{"@timestamp":"2024-10-25T18:21:26.0354847+02:00","level":"DEBUG","logger_name":"org.springframework.cloud.gateway.route.RouteDefinitionRouteLocator","message":"RouteDefinition dealership applying filter {retries=3, methods=GET, POST} to Retry"}
{"@timestamp":"2024-10-25T18:21:26.0364904+02:00","level":"DEBUG","logger_name":"org.springframework.cloud.gateway.route.RouteDefinitionRouteLocator","message":"RouteDefinition matched: dealership"}
{"@timestamp":"2024-10-25T18:21:26.0364904+02:00","level":"DEBUG","logger_name":"org.springframework.cloud.gateway.route.RouteDefinitionRouteLocator","message":"RouteDefinition cart applying {_genkey_0=/api/cart, _genkey_1=/api/cart/**, _genkey_2=/api/item, _genkey_3=/api/item/**, _genkey_4=/api/product/car, _genkey_5=/api/product/car/**} to Path"}
{"@timestamp":"2024-10-25T18:21:26.0364904+02:00","level":"DEBUG","logger_name":"org.springframework.cloud.gateway.route.RouteDefinitionRouteLocator","message":"RouteDefinition cart applying filter {retries=3, methods=GET, POST} to Retry"}
{"@timestamp":"2024-10-25T18:21:26.0364904+02:00","level":"DEBUG","logger_name":"org.springframework.cloud.gateway.route.RouteDefinitionRouteLocator","message":"RouteDefinition matched: cart"}
{"@timestamp":"2024-10-25T18:21:26.0374895+02:00","level":"DEBUG","logger_name":"org.springframework.cloud.gateway.filter.GatewayMetricsFilter","message":"New routes count: 3"}
{"@timestamp":"2024-10-25T18:21:30.0834751+02:00","level":"DEBUG","logger_name":"org.springframework.cloud.gateway.route.RouteDefinitionRouteLocator","message":"RouteDefinition authentication applying {_genkey_0=/api/user, _genkey_1=/api/user/**, _genkey_2=/api/user/auth, _genkey_3=/api/user/auth/**} to Path"}
{"@timestamp":"2024-10-25T18:21:30.0834751+02:00","level":"DEBUG","logger_name":"org.springframework.cloud.gateway.route.RouteDefinitionRouteLocator","message":"RouteDefinition authentication applying filter {retries=3, methods=GET, POST} to Retry"}
{"@timestamp":"2024-10-25T18:21:30.084486+02:00","level":"DEBUG","logger_name":"org.springframework.cloud.gateway.route.RouteDefinitionRouteLocator","message":"RouteDefinition matched: authentication"}
{"@timestamp":"2024-10-25T18:21:30.084486+02:00","level":"DEBUG","logger_name":"org.springframework.cloud.gateway.route.RouteDefinitionRouteLocator","message":"RouteDefinition dealership applying {_genkey_0=/api/car, _genkey_1=/api/car/**} to Path"}
{"@timestamp":"2024-10-25T18:21:30.084486+02:00","level":"DEBUG","logger_name":"org.springframework.cloud.gateway.route.RouteDefinitionRouteLocator","message":"RouteDefinition dealership applying filter {retries=3, methods=GET, POST} to Retry"}
{"@timestamp":"2024-10-25T18:21:30.084486+02:00","level":"DEBUG","logger_name":"org.springframework.cloud.gateway.route.RouteDefinitionRouteLocator","message":"RouteDefinition matched: dealership"}
{"@timestamp":"2024-10-25T18:21:30.0854782+02:00","level":"DEBUG","logger_name":"org.springframework.cloud.gateway.route.RouteDefinitionRouteLocator","message":"RouteDefinition cart applying {_genkey_0=/api/cart, _genkey_1=/api/cart/**, _genkey_2=/api/item, _genkey_3=/api/item/**, _genkey_4=/api/product/car, _genkey_5=/api/product/car/**} to Path"}
{"@timestamp":"2024-10-25T18:21:30.0854782+02:00","level":"DEBUG","logger_name":"org.springframework.cloud.gateway.route.RouteDefinitionRouteLocator","message":"RouteDefinition cart applying filter {retries=3, methods=GET, POST} to Retry"}
{"@timestamp":"2024-10-25T18:21:30.0854782+02:00","level":"DEBUG","logger_name":"org.springframework.cloud.gateway.route.RouteDefinitionRouteLocator","message":"RouteDefinition matched: cart"}
{"@timestamp":"2024-10-25T18:21:30.0854782+02:00","level":"DEBUG","logger_name":"org.springframework.cloud.gateway.filter.GatewayMetricsFilter","message":"New routes count: 3"}
{"@timestamp":"2024-10-25T18:21:42.2783367+02:00","level":"INFO","logger_name":"org.springframework.cloud.consul.serviceregistry.ConsulServiceRegistry","message":"Deregistering service with consul: Gateway-8000"}
{"@timestamp":"2024-10-25T18:21:43.7649469+02:00","level":"INFO","logger_name":"org.hibernate.validator.internal.util.Version","message":"HV000001: Hibernate Validator 8.0.1.Final"}
{"@timestamp":"2024-10-25T18:21:43.7835157+02:00","level":"INFO","logger_name":"com.vehicle.gateway.GatewayApplication","message":"Starting GatewayApplication using Java 23.0.1 with PID 28816 (C:\\Users\\Jokubas\\Documents\\Programming\\Kristiania\\Year 3\\Microservices\\Vehicle Store\\Gateway\\target\\classes started by Jokubas in C:\\Users\\Jokubas\\Documents\\Programming\\Kristiania\\Year 3\\Microservices\\Vehicle Store)"}
{"@timestamp":"2024-10-25T18:21:43.7835157+02:00","level":"INFO","logger_name":"com.vehicle.gateway.GatewayApplication","message":"No active profile set, falling back to 1 default profile: \"default\""}
{"@timestamp":"2024-10-25T18:21:44.2190636+02:00","level":"INFO","logger_name":"org.springframework.cloud.context.scope.GenericScope","message":"BeanFactory id=fd226752-405b-3eca-a08a-aa064f02af54"}
{"@timestamp":"2024-10-25T18:21:44.2517891+02:00","level":"WARN","logger_name":"org.springframework.context.support.PostProcessorRegistrationDelegate$BeanPostProcessorChecker","message":"Bean 'org.springframework.cloud.client.loadbalancer.LoadBalancerAutoConfiguration$DeferringLoadBalancerInterceptorConfig' of type [org.springframework.cloud.client.loadbalancer.LoadBalancerAutoConfiguration$DeferringLoadBalancerInterceptorConfig] is not eligible for getting processed by all BeanPostProcessors (for example: not eligible for auto-proxying). The currently created BeanPostProcessor [lbRestClientPostProcessor] is declared through a non-static factory method on that class; consider declaring it as static instead."}
{"@timestamp":"2024-10-25T18:21:44.2527892+02:00","level":"WARN","logger_name":"org.springframework.context.support.PostProcessorRegistrationDelegate$BeanPostProcessorChecker","message":"Bean 'deferringLoadBalancerInterceptor' of type [org.springframework.cloud.client.loadbalancer.DeferringLoadBalancerInterceptor] is not eligible for getting processed by all BeanPostProcessors (for example: not eligible for auto-proxying). Is this bean getting eagerly injected into a currently created BeanPostProcessor [lbRestClientPostProcessor]? Check the corresponding BeanPostProcessor declaration and its dependencies."}
{"@timestamp":"2024-10-25T18:21:44.2540225+02:00","level":"WARN","logger_name":"org.springframework.context.support.PostProcessorRegistrationDelegate$BeanPostProcessorChecker","message":"Bean 'org.springframework.cloud.client.loadbalancer.reactive.LoadBalancerBeanPostProcessorAutoConfiguration' of type [org.springframework.cloud.client.loadbalancer.reactive.LoadBalancerBeanPostProcessorAutoConfiguration] is not eligible for getting processed by all BeanPostProcessors (for example: not eligible for auto-proxying). The currently created BeanPostProcessor [loadBalancerWebClientBuilderBeanPostProcessor] is declared through a non-static factory method on that class; consider declaring it as static instead."}
{"@timestamp":"2024-10-25T18:21:44.2545296+02:00","level":"WARN","logger_name":"org.springframework.context.support.PostProcessorRegistrationDelegate$BeanPostProcessorChecker","message":"Bean 'org.springframework.cloud.client.loadbalancer.reactive.LoadBalancerBeanPostProcessorAutoConfiguration$ReactorDeferringLoadBalancerFilterConfig' of type [org.springframework.cloud.client.loadbalancer.reactive.LoadBalancerBeanPostProcessorAutoConfiguration$ReactorDeferringLoadBalancerFilterConfig] is not eligible for getting processed by all BeanPostProcessors (for example: not eligible for auto-proxying). Is this bean getting eagerly injected into a currently created BeanPostProcessor [loadBalancerWebClientBuilderBeanPostProcessor]? Check the corresponding BeanPostProcessor declaration and its dependencies."}
{"@timestamp":"2024-10-25T18:21:44.2545296+02:00","level":"WARN","logger_name":"org.springframework.context.support.PostProcessorRegistrationDelegate$BeanPostProcessorChecker","message":"Bean 'reactorDeferringLoadBalancerExchangeFilterFunction' of type [org.springframework.cloud.client.loadbalancer.reactive.DeferringLoadBalancerExchangeFilterFunction] is not eligible for getting processed by all BeanPostProcessors (for example: not eligible for auto-proxying). Is this bean getting eagerly injected into a currently created BeanPostProcessor [loadBalancerWebClientBuilderBeanPostProcessor]? Check the corresponding BeanPostProcessor declaration and its dependencies."}
{"@timestamp":"2024-10-25T18:21:44.5790865+02:00","level":"DEBUG","logger_name":"org.springframework.cloud.gateway.config.GatewayProperties","message":"Routes supplied from Gateway Properties: [RouteDefinition{id='authentication', predicates=[PredicateDefinition{name='Path', args={_genkey_0=/api/user, _genkey_1=/api/user/**, _genkey_2=/api/user/auth, _genkey_3=/api/user/auth/**}}], filters=[], uri=lb://authentication/, order=0, metadata={}}, RouteDefinition{id='dealership', predicates=[PredicateDefinition{name='Path', args={_genkey_0=/api/car, _genkey_1=/api/car/**}}], filters=[], uri=lb://dealership/, order=0, metadata={}}, RouteDefinition{id='cart', predicates=[PredicateDefinition{name='Path', args={_genkey_0=/api/cart, _genkey_1=/api/cart/**, _genkey_2=/api/item, _genkey_3=/api/item/**, _genkey_4=/api/product/car, _genkey_5=/api/product/car/**}}], filters=[], uri=lb://cart/, order=0, metadata={}}]"}
{"@timestamp":"2024-10-25T18:21:44.6328892+02:00","level":"INFO","logger_name":"org.springframework.cloud.gateway.route.RouteDefinitionRouteLocator","message":"Loaded RoutePredicateFactory [After]"}
{"@timestamp":"2024-10-25T18:21:44.6328892+02:00","level":"INFO","logger_name":"org.springframework.cloud.gateway.route.RouteDefinitionRouteLocator","message":"Loaded RoutePredicateFactory [Before]"}
{"@timestamp":"2024-10-25T18:21:44.6328892+02:00","level":"INFO","logger_name":"org.springframework.cloud.gateway.route.RouteDefinitionRouteLocator","message":"Loaded RoutePredicateFactory [Between]"}
{"@timestamp":"2024-10-25T18:21:44.6328892+02:00","level":"INFO","logger_name":"org.springframework.cloud.gateway.route.RouteDefinitionRouteLocator","message":"Loaded RoutePredicateFactory [Cookie]"}
{"@timestamp":"2024-10-25T18:21:44.6338896+02:00","level":"INFO","logger_name":"org.springframework.cloud.gateway.route.RouteDefinitionRouteLocator","message":"Loaded RoutePredicateFactory [Header]"}
{"@timestamp":"2024-10-25T18:21:44.6338896+02:00","level":"INFO","logger_name":"org.springframework.cloud.gateway.route.RouteDefinitionRouteLocator","message":"Loaded RoutePredicateFactory [Host]"}
{"@timestamp":"2024-10-25T18:21:44.6338896+02:00","level":"INFO","logger_name":"org.springframework.cloud.gateway.route.RouteDefinitionRouteLocator","message":"Loaded RoutePredicateFactory [Method]"}
{"@timestamp":"2024-10-25T18:21:44.6338896+02:00","level":"INFO","logger_name":"org.springframework.cloud.gateway.route.RouteDefinitionRouteLocator","message":"Loaded RoutePredicateFactory [Path]"}
{"@timestamp":"2024-10-25T18:21:44.6338896+02:00","level":"INFO","logger_name":"org.springframework.cloud.gateway.route.RouteDefinitionRouteLocator","message":"Loaded RoutePredicateFactory [Query]"}
{"@timestamp":"2024-10-25T18:21:44.6338896+02:00","level":"INFO","logger_name":"org.springframework.cloud.gateway.route.RouteDefinitionRouteLocator","message":"Loaded RoutePredicateFactory [ReadBody]"}
{"@timestamp":"2024-10-25T18:21:44.6338896+02:00","level":"INFO","logger_name":"org.springframework.cloud.gateway.route.RouteDefinitionRouteLocator","message":"Loaded RoutePredicateFactory [RemoteAddr]"}
{"@timestamp":"2024-10-25T18:21:44.6338896+02:00","level":"INFO","logger_name":"org.springframework.cloud.gateway.route.RouteDefinitionRouteLocator","message":"Loaded RoutePredicateFactory [XForwardedRemoteAddr]"}
{"@timestamp":"2024-10-25T18:21:44.6338896+02:00","level":"INFO","logger_name":"org.springframework.cloud.gateway.route.RouteDefinitionRouteLocator","message":"Loaded RoutePredicateFactory [Weight]"}
{"@timestamp":"2024-10-25T18:21:44.6338896+02:00","level":"INFO","logger_name":"org.springframework.cloud.gateway.route.RouteDefinitionRouteLocator","message":"Loaded RoutePredicateFactory [CloudFoundryRouteService]"}
{"@timestamp":"2024-10-25T18:21:44.7508101+02:00","level":"INFO","logger_name":"org.springframework.boot.actuate.endpoint.web.EndpointLinksResolver","message":"Exposing 1 endpoint beneath base path '/actuator'"}
{"@timestamp":"2024-10-25T18:21:44.8687018+02:00","level":"WARN","logger_name":"org.springframework.cloud.loadbalancer.config.LoadBalancerCacheAutoConfiguration$LoadBalancerCaffeineWarnLogger","message":"Spring Cloud LoadBalancer is currently working with the default cache. While this cache implementation is useful for development and tests, it's recommended to use Caffeine cache in production.You can switch to using Caffeine cache, by adding it and org.springframework.cache.caffeine.CaffeineCacheManager to the classpath."}
{"@timestamp":"2024-10-25T18:21:44.9236188+02:00","level":"DEBUG","logger_name":"org.springframework.cloud.gateway.route.RouteDefinitionRouteLocator","message":"RouteDefinition authentication applying {_genkey_0=/api/user, _genkey_1=/api/user/**, _genkey_2=/api/user/auth, _genkey_3=/api/user/auth/**} to Path"}
{"@timestamp":"2024-10-25T18:21:44.9296225+02:00","level":"DEBUG","logger_name":"org.springframework.cloud.gateway.route.RouteDefinitionRouteLocator","message":"RouteDefinition authentication applying filter {retries=3, methods=GET, POST} to Retry"}
{"@timestamp":"2024-10-25T18:21:44.9366311+02:00","level":"DEBUG","logger_name":"org.springframework.cloud.gateway.route.RouteDefinitionRouteLocator","message":"RouteDefinition matched: authentication"}
{"@timestamp":"2024-10-25T18:21:44.9366311+02:00","level":"DEBUG","logger_name":"org.springframework.cloud.gateway.route.RouteDefinitionRouteLocator","message":"RouteDefinition dealership applying {_genkey_0=/api/car, _genkey_1=/api/car/**} to Path"}
{"@timestamp":"2024-10-25T18:21:44.9366311+02:00","level":"DEBUG","logger_name":"org.springframework.cloud.gateway.route.RouteDefinitionRouteLocator","message":"RouteDefinition dealership applying filter {retries=3, methods=GET, POST} to Retry"}
{"@timestamp":"2024-10-25T18:21:44.9376311+02:00","level":"DEBUG","logger_name":"org.springframework.cloud.gateway.route.RouteDefinitionRouteLocator","message":"RouteDefinition matched: dealership"}
{"@timestamp":"2024-10-25T18:21:44.9376311+02:00","level":"DEBUG","logger_name":"org.springframework.cloud.gateway.route.RouteDefinitionRouteLocator","message":"RouteDefinition cart applying {_genkey_0=/api/cart, _genkey_1=/api/cart/**, _genkey_2=/api/item, _genkey_3=/api/item/**, _genkey_4=/api/product/car, _genkey_5=/api/product/car/**} to Path"}
{"@timestamp":"2024-10-25T18:21:44.9376311+02:00","level":"DEBUG","logger_name":"org.springframework.cloud.gateway.route.RouteDefinitionRouteLocator","message":"RouteDefinition cart applying filter {retries=3, methods=GET, POST} to Retry"}
{"@timestamp":"2024-10-25T18:21:44.9387149+02:00","level":"DEBUG","logger_name":"org.springframework.cloud.gateway.route.RouteDefinitionRouteLocator","message":"RouteDefinition matched: cart"}
{"@timestamp":"2024-10-25T18:21:44.9412327+02:00","level":"DEBUG","logger_name":"org.springframework.cloud.gateway.filter.GatewayMetricsFilter","message":"New routes count: 3"}
{"@timestamp":"2024-10-25T18:21:44.9568446+02:00","level":"INFO","logger_name":"org.springframework.boot.web.embedded.netty.NettyWebServer","message":"Netty started on port 8000 (http)"}
{"@timestamp":"2024-10-25T18:21:44.9578444+02:00","level":"INFO","logger_name":"org.springframework.cloud.consul.serviceregistry.ConsulServiceRegistry","message":"Registering service with consul: NewService{id='Gateway-8000', name='Gateway', tags=[], address='host.docker.internal', meta={secure=false}, port=8000, enableTagOverride=null, check=Check{script='null', dockerContainerID='null', shell='null', interval='10s', ttl='null', http='http://host.docker.internal:8000/actuator/health', method='null', header={}, tcp='null', timeout='null', deregisterCriticalServiceAfter='null', tlsSkipVerify=null, status='null', grpc='null', grpcUseTLS=null}, checks=null}"}
{"@timestamp":"2024-10-25T18:21:44.9640625+02:00","level":"DEBUG","logger_name":"org.springframework.cloud.gateway.route.RouteDefinitionRouteLocator","message":"RouteDefinition authentication applying {_genkey_0=/api/user, _genkey_1=/api/user/**, _genkey_2=/api/user/auth, _genkey_3=/api/user/auth/**} to Path"}
{"@timestamp":"2024-10-25T18:21:44.9650678+02:00","level":"DEBUG","logger_name":"org.springframework.cloud.gateway.route.RouteDefinitionRouteLocator","message":"RouteDefinition authentication applying filter {retries=3, methods=GET, POST} to Retry"}
{"@timestamp":"2024-10-25T18:21:44.9660687+02:00","level":"DEBUG","logger_name":"org.springframework.cloud.gateway.route.RouteDefinitionRouteLocator","message":"RouteDefinition matched: authentication"}
{"@timestamp":"2024-10-25T18:21:44.9670667+02:00","level":"DEBUG","logger_name":"org.springframework.cloud.gateway.route.RouteDefinitionRouteLocator","message":"RouteDefinition dealership applying {_genkey_0=/api/car, _genkey_1=/api/car/**} to Path"}
{"@timestamp":"2024-10-25T18:21:44.9670667+02:00","level":"DEBUG","logger_name":"org.springframework.cloud.gateway.route.RouteDefinitionRouteLocator","message":"RouteDefinition dealership applying filter {retries=3, methods=GET, POST} to Retry"}
{"@timestamp":"2024-10-25T18:21:44.9680679+02:00","level":"DEBUG","logger_name":"org.springframework.cloud.gateway.route.RouteDefinitionRouteLocator","message":"RouteDefinition matched: dealership"}
{"@timestamp":"2024-10-25T18:21:44.9680679+02:00","level":"DEBUG","logger_name":"org.springframework.cloud.gateway.route.RouteDefinitionRouteLocator","message":"RouteDefinition cart applying {_genkey_0=/api/cart, _genkey_1=/api/cart/**, _genkey_2=/api/item, _genkey_3=/api/item/**, _genkey_4=/api/product/car, _genkey_5=/api/product/car/**} to Path"}
{"@timestamp":"2024-10-25T18:21:44.96907+02:00","level":"DEBUG","logger_name":"org.springframework.cloud.gateway.route.RouteDefinitionRouteLocator","message":"RouteDefinition cart applying filter {retries=3, methods=GET, POST} to Retry"}
{"@timestamp":"2024-10-25T18:21:44.96907+02:00","level":"DEBUG","logger_name":"org.springframework.cloud.gateway.route.RouteDefinitionRouteLocator","message":"RouteDefinition matched: cart"}
{"@timestamp":"2024-10-25T18:21:44.9701817+02:00","level":"DEBUG","logger_name":"org.springframework.cloud.gateway.filter.GatewayMetricsFilter","message":"New routes count: 3"}
{"@timestamp":"2024-10-25T18:21:44.9782017+02:00","level":"DEBUG","logger_name":"org.springframework.cloud.gateway.route.RouteDefinitionRouteLocator","message":"RouteDefinition authentication applying {_genkey_0=/api/user, _genkey_1=/api/user/**, _genkey_2=/api/user/auth, _genkey_3=/api/user/auth/**} to Path"}
{"@timestamp":"2024-10-25T18:21:44.9792173+02:00","level":"DEBUG","logger_name":"org.springframework.cloud.gateway.route.RouteDefinitionRouteLocator","message":"RouteDefinition authentication applying filter {retries=3, methods=GET, POST} to Retry"}
{"@timestamp":"2024-10-25T18:21:44.9792173+02:00","level":"DEBUG","logger_name":"org.springframework.cloud.gateway.route.RouteDefinitionRouteLocator","message":"RouteDefinition matched: authentication"}
{"@timestamp":"2024-10-25T18:21:44.9792173+02:00","level":"DEBUG","logger_name":"org.springframework.cloud.gateway.route.RouteDefinitionRouteLocator","message":"RouteDefinition dealership applying {_genkey_0=/api/car, _genkey_1=/api/car/**} to Path"}
{"@timestamp":"2024-10-25T18:21:44.9802024+02:00","level":"DEBUG","logger_name":"org.springframework.cloud.gateway.route.RouteDefinitionRouteLocator","message":"RouteDefinition dealership applying filter {retries=3, methods=GET, POST} to Retry"}
{"@timestamp":"2024-10-25T18:21:44.9802024+02:00","level":"DEBUG","logger_name":"org.springframework.cloud.gateway.route.RouteDefinitionRouteLocator","message":"RouteDefinition matched: dealership"}
{"@timestamp":"2024-10-25T18:21:44.9802024+02:00","level":"DEBUG","logger_name":"org.springframework.cloud.gateway.route.RouteDefinitionRouteLocator","message":"RouteDefinition cart applying {_genkey_0=/api/cart, _genkey_1=/api/cart/**, _genkey_2=/api/item, _genkey_3=/api/item/**, _genkey_4=/api/product/car, _genkey_5=/api/product/car/**} to Path"}
{"@timestamp":"2024-10-25T18:21:44.9812008+02:00","level":"DEBUG","logger_name":"org.springframework.cloud.gateway.route.RouteDefinitionRouteLocator","message":"RouteDefinition cart applying filter {retries=3, methods=GET, POST} to Retry"}
{"@timestamp":"2024-10-25T18:21:44.9812008+02:00","level":"DEBUG","logger_name":"org.springframework.cloud.gateway.route.RouteDefinitionRouteLocator","message":"RouteDefinition matched: cart"}
{"@timestamp":"2024-10-25T18:21:44.9812008+02:00","level":"DEBUG","logger_name":"org.springframework.cloud.gateway.filter.GatewayMetricsFilter","message":"New routes count: 3"}
{"@timestamp":"2024-10-25T18:21:44.9822028+02:00","level":"INFO","logger_name":"com.vehicle.gateway.GatewayApplication","message":"Started GatewayApplication in 1.532 seconds (process running for 1.816)"}
{"@timestamp":"2024-10-25T18:21:45.9510712+02:00","level":"DEBUG","logger_name":"org.springframework.cloud.gateway.route.RouteDefinitionRouteLocator","message":"RouteDefinition authentication applying {_genkey_0=/api/user, _genkey_1=/api/user/**, _genkey_2=/api/user/auth, _genkey_3=/api/user/auth/**} to Path"}
{"@timestamp":"2024-10-25T18:21:45.9510712+02:00","level":"DEBUG","logger_name":"org.springframework.cloud.gateway.route.RouteDefinitionRouteLocator","message":"RouteDefinition authentication applying filter {retries=3, methods=GET, POST} to Retry"}
{"@timestamp":"2024-10-25T18:21:45.9520721+02:00","level":"DEBUG","logger_name":"org.springframework.cloud.gateway.route.RouteDefinitionRouteLocator","message":"RouteDefinition matched: authentication"}
{"@timestamp":"2024-10-25T18:21:45.9520721+02:00","level":"DEBUG","logger_name":"org.springframework.cloud.gateway.route.RouteDefinitionRouteLocator","message":"RouteDefinition dealership applying {_genkey_0=/api/car, _genkey_1=/api/car/**} to Path"}
{"@timestamp":"2024-10-25T18:21:45.9530633+02:00","level":"DEBUG","logger_name":"org.springframework.cloud.gateway.route.RouteDefinitionRouteLocator","message":"RouteDefinition dealership applying filter {retries=3, methods=GET, POST} to Retry"}
{"@timestamp":"2024-10-25T18:21:45.9530633+02:00","level":"DEBUG","logger_name":"org.springframework.cloud.gateway.route.RouteDefinitionRouteLocator","message":"RouteDefinition matched: dealership"}
{"@timestamp":"2024-10-25T18:21:45.9530633+02:00","level":"DEBUG","logger_name":"org.springframework.cloud.gateway.route.RouteDefinitionRouteLocator","message":"RouteDefinition cart applying {_genkey_0=/api/cart, _genkey_1=/api/cart/**, _genkey_2=/api/item, _genkey_3=/api/item/**, _genkey_4=/api/product/car, _genkey_5=/api/product/car/**} to Path"}
{"@timestamp":"2024-10-25T18:21:45.9540639+02:00","level":"DEBUG","logger_name":"org.springframework.cloud.gateway.route.RouteDefinitionRouteLocator","message":"RouteDefinition cart applying filter {retries=3, methods=GET, POST} to Retry"}
{"@timestamp":"2024-10-25T18:21:45.9540639+02:00","level":"DEBUG","logger_name":"org.springframework.cloud.gateway.route.RouteDefinitionRouteLocator","message":"RouteDefinition matched: cart"}
{"@timestamp":"2024-10-25T18:21:45.9540639+02:00","level":"DEBUG","logger_name":"org.springframework.cloud.gateway.filter.GatewayMetricsFilter","message":"New routes count: 3"}
{"@timestamp":"2024-10-25T18:30:14.1600112+02:00","level":"DEBUG","logger_name":"org.springframework.cloud.gateway.route.RouteDefinitionRouteLocator","message":"RouteDefinition authentication applying {_genkey_0=/api/user, _genkey_1=/api/user/**, _genkey_2=/api/user/auth, _genkey_3=/api/user/auth/**} to Path"}
{"@timestamp":"2024-10-25T18:30:14.160533+02:00","level":"DEBUG","logger_name":"org.springframework.cloud.gateway.route.RouteDefinitionRouteLocator","message":"RouteDefinition authentication applying filter {retries=3, methods=GET, POST} to Retry"}
{"@timestamp":"2024-10-25T18:30:14.160533+02:00","level":"DEBUG","logger_name":"org.springframework.cloud.gateway.route.RouteDefinitionRouteLocator","message":"RouteDefinition matched: authentication"}
{"@timestamp":"2024-10-25T18:30:14.160533+02:00","level":"DEBUG","logger_name":"org.springframework.cloud.gateway.route.RouteDefinitionRouteLocator","message":"RouteDefinition dealership applying {_genkey_0=/api/car, _genkey_1=/api/car/**} to Path"}
{"@timestamp":"2024-10-25T18:30:14.1615375+02:00","level":"DEBUG","logger_name":"org.springframework.cloud.gateway.route.RouteDefinitionRouteLocator","message":"RouteDefinition dealership applying filter {retries=3, methods=GET, POST} to Retry"}
{"@timestamp":"2024-10-25T18:30:14.1615375+02:00","level":"DEBUG","logger_name":"org.springframework.cloud.gateway.route.RouteDefinitionRouteLocator","message":"RouteDefinition matched: dealership"}
{"@timestamp":"2024-10-25T18:30:14.1620836+02:00","level":"DEBUG","logger_name":"org.springframework.cloud.gateway.route.RouteDefinitionRouteLocator","message":"RouteDefinition cart applying {_genkey_0=/api/cart, _genkey_1=/api/cart/**, _genkey_2=/api/item, _genkey_3=/api/item/**, _genkey_4=/api/product/car, _genkey_5=/api/product/car/**} to Path"}
{"@timestamp":"2024-10-25T18:30:14.1620836+02:00","level":"DEBUG","logger_name":"org.springframework.cloud.gateway.route.RouteDefinitionRouteLocator","message":"RouteDefinition cart applying filter {retries=3, methods=GET, POST} to Retry"}
{"@timestamp":"2024-10-25T18:30:14.1625882+02:00","level":"DEBUG","logger_name":"org.springframework.cloud.gateway.route.RouteDefinitionRouteLocator","message":"RouteDefinition matched: cart"}
{"@timestamp":"2024-10-25T18:30:14.1625882+02:00","level":"DEBUG","logger_name":"org.springframework.cloud.gateway.filter.GatewayMetricsFilter","message":"New routes count: 3"}
{"@timestamp":"2024-10-25T18:30:16.2318635+02:00","level":"INFO","logger_name":"org.springframework.cloud.consul.serviceregistry.ConsulServiceRegistry","message":"Deregistering service with consul: Gateway-8000"}
