{"@timestamp":"2024-10-25T18:03:20.8672396+02:00","level":"INFO","logger_name":"org.hibernate.validator.internal.util.Version","message":"HV000001: Hibernate Validator 8.0.1.Final"}
{"@timestamp":"2024-10-25T18:03:20.8857483+02:00","level":"INFO","logger_name":"com.vehicle.authentication.AuthenticationApplication","message":"Starting AuthenticationApplication using Java 23.0.1 with PID 30760 (C:\\Users\\Jokubas\\Documents\\Programming\\Kristiania\\Year 3\\Microservices\\Vehicle Store\\Authentication\\target\\classes started by Jokubas in C:\\Users\\Jokubas\\Documents\\Programming\\Kristiania\\Year 3\\Microservices\\Vehicle Store)"}
{"@timestamp":"2024-10-25T18:03:20.8877472+02:00","level":"INFO","logger_name":"com.vehicle.authentication.AuthenticationApplication","message":"No active profile set, falling back to 1 default profile: \"default\""}
{"@timestamp":"2024-10-25T18:03:21.3087166+02:00","level":"INFO","logger_name":"org.springframework.data.repository.config.RepositoryConfigurationDelegate","message":"Multiple Spring Data modules found, entering strict repository configuration mode"}
{"@timestamp":"2024-10-25T18:03:21.3087166+02:00","level":"INFO","logger_name":"org.springframework.data.repository.config.RepositoryConfigurationDelegate","message":"Bootstrapping Spring Data JDBC repositories in DEFAULT mode."}
{"@timestamp":"2024-10-25T18:03:21.3227159+02:00","level":"INFO","logger_name":"org.springframework.data.repository.config.RepositoryConfigurationExtensionSupport","message":"Spring Data JDBC - Could not safely identify store assignment for repository candidate interface com.vehicle.authentication.Repository.UserRepository; If you want this repository to be a JDBC repository, consider annotating your entities with one of these annotations: org.springframework.data.relational.core.mapping.Table."}
{"@timestamp":"2024-10-25T18:03:21.3237158+02:00","level":"INFO","logger_name":"org.springframework.data.repository.config.RepositoryConfigurationDelegate","message":"Finished Spring Data repository scanning in 12 ms. Found 0 JDBC repository interfaces."}
{"@timestamp":"2024-10-25T18:03:21.3277166+02:00","level":"INFO","logger_name":"org.springframework.data.repository.config.RepositoryConfigurationDelegate","message":"Multiple Spring Data modules found, entering strict repository configuration mode"}
{"@timestamp":"2024-10-25T18:03:21.3277166+02:00","level":"INFO","logger_name":"org.springframework.data.repository.config.RepositoryConfigurationDelegate","message":"Bootstrapping Spring Data JPA repositories in DEFAULT mode."}
{"@timestamp":"2024-10-25T18:03:21.3773367+02:00","level":"INFO","logger_name":"org.springframework.data.repository.config.RepositoryConfigurationDelegate","message":"Finished Spring Data repository scanning in 47 ms. Found 1 JPA repository interface."}
{"@timestamp":"2024-10-25T18:03:21.4618467+02:00","level":"INFO","logger_name":"org.springframework.cloud.context.scope.GenericScope","message":"BeanFactory id=09d01057-d17b-393e-9a63-10267e1b06bf"}
{"@timestamp":"2024-10-25T18:03:21.6006658+02:00","level":"WARN","logger_name":"org.springframework.context.support.PostProcessorRegistrationDelegate$BeanPostProcessorChecker","message":"Bean 'org.springframework.cloud.client.loadbalancer.LoadBalancerAutoConfiguration$DeferringLoadBalancerInterceptorConfig' of type [org.springframework.cloud.client.loadbalancer.LoadBalancerAutoConfiguration$DeferringLoadBalancerInterceptorConfig] is not eligible for getting processed by all BeanPostProcessors (for example: not eligible for auto-proxying). The currently created BeanPostProcessor [lbRestClientPostProcessor] is declared through a non-static factory method on that class; consider declaring it as static instead."}
{"@timestamp":"2024-10-25T18:03:21.6026643+02:00","level":"WARN","logger_name":"org.springframework.context.support.PostProcessorRegistrationDelegate$BeanPostProcessorChecker","message":"Bean 'deferringLoadBalancerInterceptor' of type [org.springframework.cloud.client.loadbalancer.DeferringLoadBalancerInterceptor] is not eligible for getting processed by all BeanPostProcessors (for example: not eligible for auto-proxying). Is this bean getting eagerly injected into a currently created BeanPostProcessor [lbRestClientPostProcessor]? Check the corresponding BeanPostProcessor declaration and its dependencies."}
{"@timestamp":"2024-10-25T18:03:21.7164292+02:00","level":"INFO","logger_name":"org.springframework.boot.web.embedded.tomcat.TomcatWebServer","message":"Tomcat initialized with port 8080 (http)"}
{"@timestamp":"2024-10-25T18:03:21.7204294+02:00","level":"INFO","logger_name":"org.apache.coyote.http11.Http11NioProtocol","message":"Initializing ProtocolHandler [\"http-nio-8080\"]"}
{"@timestamp":"2024-10-25T18:03:21.7224364+02:00","level":"INFO","logger_name":"org.apache.catalina.core.StandardService","message":"Starting service [Tomcat]"}
{"@timestamp":"2024-10-25T18:03:21.7224364+02:00","level":"INFO","logger_name":"org.apache.catalina.core.StandardEngine","message":"Starting Servlet engine: [Apache Tomcat/10.1.30]"}
{"@timestamp":"2024-10-25T18:03:21.752937+02:00","level":"INFO","logger_name":"org.apache.catalina.core.ContainerBase.[Tomcat].[localhost].[/]","message":"Initializing Spring embedded WebApplicationContext"}
{"@timestamp":"2024-10-25T18:03:21.752937+02:00","level":"INFO","logger_name":"org.springframework.boot.web.servlet.context.ServletWebServerApplicationContext","message":"Root WebApplicationContext: initialization completed in 839 ms"}
{"@timestamp":"2024-10-25T18:03:21.8078136+02:00","level":"INFO","logger_name":"com.zaxxer.hikari.HikariDataSource","message":"Authentication - Starting..."}
{"@timestamp":"2024-10-25T18:03:21.8908464+02:00","level":"INFO","logger_name":"com.zaxxer.hikari.pool.HikariPool","message":"Authentication - Added connection conn0: url=jdbc:h2:mem:Authentication user=SA"}
{"@timestamp":"2024-10-25T18:03:21.8908464+02:00","level":"INFO","logger_name":"com.zaxxer.hikari.HikariDataSource","message":"Authentication - Start completed."}
{"@timestamp":"2024-10-25T18:03:21.8988491+02:00","level":"INFO","logger_name":"org.springframework.boot.autoconfigure.h2.H2ConsoleAutoConfiguration","message":"H2 console available at '/h2-console'. Database available at 'jdbc:h2:mem:Authentication'"}
{"@timestamp":"2024-10-25T18:03:21.973284+02:00","level":"INFO","logger_name":"org.hibernate.jpa.internal.util.LogHelper","message":"HHH000204: Processing PersistenceUnitInfo [name: default]"}
{"@timestamp":"2024-10-25T18:03:21.998431+02:00","level":"INFO","logger_name":"org.hibernate.Version","message":"HHH000412: Hibernate ORM core version 6.5.3.Final"}
{"@timestamp":"2024-10-25T18:03:22.0134301+02:00","level":"INFO","logger_name":"org.hibernate.cache.internal.RegionFactoryInitiator","message":"HHH000026: Second-level cache disabled"}
{"@timestamp":"2024-10-25T18:03:22.142565+02:00","level":"INFO","logger_name":"org.springframework.orm.jpa.persistenceunit.SpringPersistenceUnitInfo","message":"No LoadTimeWeaver setup: ignoring JPA class transformer"}
{"@timestamp":"2024-10-25T18:03:22.5459837+02:00","level":"INFO","logger_name":"org.hibernate.engine.transaction.jta.platform.internal.JtaPlatformInitiator","message":"HHH000489: No JTA platform available (set 'hibernate.transaction.jta.platform' to enable JTA platform integration)"}
{"@timestamp":"2024-10-25T18:03:22.5629985+02:00","level":"INFO","logger_name":"org.springframework.orm.jpa.LocalContainerEntityManagerFactoryBean","message":"Initialized JPA EntityManagerFactory for persistence unit 'default'"}
{"@timestamp":"2024-10-25T18:03:22.7399567+02:00","level":"WARN","logger_name":"org.springframework.boot.autoconfigure.orm.jpa.JpaBaseConfiguration$JpaWebConfiguration","message":"spring.jpa.open-in-view is enabled by default. Therefore, database queries may be performed during view rendering. Explicitly configure spring.jpa.open-in-view to disable this warning"}
{"@timestamp":"2024-10-25T18:03:23.302187+02:00","level":"WARN","logger_name":"org.springframework.cloud.loadbalancer.config.LoadBalancerCacheAutoConfiguration$LoadBalancerCaffeineWarnLogger","message":"Spring Cloud LoadBalancer is currently working with the default cache. While this cache implementation is useful for development and tests, it's recommended to use Caffeine cache in production.You can switch to using Caffeine cache, by adding it and org.springframework.cache.caffeine.CaffeineCacheManager to the classpath."}
{"@timestamp":"2024-10-25T18:03:23.3061793+02:00","level":"INFO","logger_name":"org.springframework.boot.actuate.endpoint.web.EndpointLinksResolver","message":"Exposing 2 endpoints beneath base path '/actuator'"}
{"@timestamp":"2024-10-25T18:03:23.3447045+02:00","level":"INFO","logger_name":"org.apache.coyote.http11.Http11NioProtocol","message":"Starting ProtocolHandler [\"http-nio-8080\"]"}
{"@timestamp":"2024-10-25T18:03:23.3537039+02:00","level":"INFO","logger_name":"org.springframework.boot.web.embedded.tomcat.TomcatWebServer","message":"Tomcat started on port 8080 (http) with context path '/'"}
{"@timestamp":"2024-10-25T18:03:23.3557047+02:00","level":"INFO","logger_name":"org.springframework.cloud.consul.serviceregistry.ConsulServiceRegistry","message":"Registering service with consul: NewService{id='Authentication', name='Authentication', tags=[], address='host.docker.internal', meta={secure=false}, port=8080, enableTagOverride=null, check=Check{script='null', dockerContainerID='null', shell='null', interval='10s', ttl='null', http='http://host.docker.internal:8080/actuator/health', method='null', header={}, tcp='null', timeout='null', deregisterCriticalServiceAfter='null', tlsSkipVerify=null, status='null', grpc='null', grpcUseTLS=null}, checks=null}"}
{"@timestamp":"2024-10-25T18:03:23.3737194+02:00","level":"INFO","logger_name":"com.vehicle.authentication.AuthenticationApplication","message":"Started AuthenticationApplication in 2.795 seconds (process running for 3.076)"}
{"@timestamp":"2024-10-25T18:03:23.5035917+02:00","level":"INFO","logger_name":"org.apache.catalina.core.ContainerBase.[Tomcat].[localhost].[/]","message":"Initializing Spring DispatcherServlet 'dispatcherServlet'"}
{"@timestamp":"2024-10-25T18:03:23.5035917+02:00","level":"INFO","logger_name":"org.springframework.web.servlet.DispatcherServlet","message":"Initializing Servlet 'dispatcherServlet'"}
{"@timestamp":"2024-10-25T18:03:23.5046172+02:00","level":"INFO","logger_name":"org.springframework.web.servlet.DispatcherServlet","message":"Completed initialization in 1 ms"}
{"@timestamp":"2024-10-25T18:04:09.2097919+02:00","level":"INFO","logger_name":"org.springframework.cloud.consul.serviceregistry.ConsulServiceRegistry","message":"Deregistering service with consul: Authentication"}
{"@timestamp":"2024-10-25T18:04:09.2275657+02:00","level":"INFO","logger_name":"org.springframework.orm.jpa.LocalContainerEntityManagerFactoryBean","message":"Closing JPA EntityManagerFactory for persistence unit 'default'"}
{"@timestamp":"2024-10-25T18:04:09.2285675+02:00","level":"INFO","logger_name":"com.zaxxer.hikari.HikariDataSource","message":"Authentication - Shutdown initiated..."}
{"@timestamp":"2024-10-25T18:04:09.2295667+02:00","level":"INFO","logger_name":"com.zaxxer.hikari.HikariDataSource","message":"Authentication - Shutdown completed."}
{"@timestamp":"2024-10-25T18:04:10.7062805+02:00","level":"INFO","logger_name":"org.hibernate.validator.internal.util.Version","message":"HV000001: Hibernate Validator 8.0.1.Final"}
{"@timestamp":"2024-10-25T18:04:10.7252809+02:00","level":"INFO","logger_name":"com.vehicle.authentication.AuthenticationApplication","message":"Starting AuthenticationApplication using Java 23.0.1 with PID 26476 (C:\\Users\\Jokubas\\Documents\\Programming\\Kristiania\\Year 3\\Microservices\\Vehicle Store\\Authentication\\target\\classes started by Jokubas in C:\\Users\\Jokubas\\Documents\\Programming\\Kristiania\\Year 3\\Microservices\\Vehicle Store)"}
{"@timestamp":"2024-10-25T18:04:10.7262884+02:00","level":"INFO","logger_name":"com.vehicle.authentication.AuthenticationApplication","message":"No active profile set, falling back to 1 default profile: \"default\""}
{"@timestamp":"2024-10-25T18:04:11.1421806+02:00","level":"INFO","logger_name":"org.springframework.data.repository.config.RepositoryConfigurationDelegate","message":"Multiple Spring Data modules found, entering strict repository configuration mode"}
{"@timestamp":"2024-10-25T18:04:11.1431745+02:00","level":"INFO","logger_name":"org.springframework.data.repository.config.RepositoryConfigurationDelegate","message":"Bootstrapping Spring Data JDBC repositories in DEFAULT mode."}
{"@timestamp":"2024-10-25T18:04:11.1561759+02:00","level":"INFO","logger_name":"org.springframework.data.repository.config.RepositoryConfigurationExtensionSupport","message":"Spring Data JDBC - Could not safely identify store assignment for repository candidate interface com.vehicle.authentication.Repository.UserRepository; If you want this repository to be a JDBC repository, consider annotating your entities with one of these annotations: org.springframework.data.relational.core.mapping.Table."}
{"@timestamp":"2024-10-25T18:04:11.1561759+02:00","level":"INFO","logger_name":"org.springframework.data.repository.config.RepositoryConfigurationDelegate","message":"Finished Spring Data repository scanning in 11 ms. Found 0 JDBC repository interfaces."}
{"@timestamp":"2024-10-25T18:04:11.1601826+02:00","level":"INFO","logger_name":"org.springframework.data.repository.config.RepositoryConfigurationDelegate","message":"Multiple Spring Data modules found, entering strict repository configuration mode"}
{"@timestamp":"2024-10-25T18:04:11.161175+02:00","level":"INFO","logger_name":"org.springframework.data.repository.config.RepositoryConfigurationDelegate","message":"Bootstrapping Spring Data JPA repositories in DEFAULT mode."}
{"@timestamp":"2024-10-25T18:04:11.2192134+02:00","level":"INFO","logger_name":"org.springframework.data.repository.config.RepositoryConfigurationDelegate","message":"Finished Spring Data repository scanning in 56 ms. Found 1 JPA repository interface."}
{"@timestamp":"2024-10-25T18:04:11.3308507+02:00","level":"INFO","logger_name":"org.springframework.cloud.context.scope.GenericScope","message":"BeanFactory id=09d01057-d17b-393e-9a63-10267e1b06bf"}
{"@timestamp":"2024-10-25T18:04:11.4668134+02:00","level":"WARN","logger_name":"org.springframework.context.support.PostProcessorRegistrationDelegate$BeanPostProcessorChecker","message":"Bean 'org.springframework.cloud.client.loadbalancer.LoadBalancerAutoConfiguration$DeferringLoadBalancerInterceptorConfig' of type [org.springframework.cloud.client.loadbalancer.LoadBalancerAutoConfiguration$DeferringLoadBalancerInterceptorConfig] is not eligible for getting processed by all BeanPostProcessors (for example: not eligible for auto-proxying). The currently created BeanPostProcessor [lbRestClientPostProcessor] is declared through a non-static factory method on that class; consider declaring it as static instead."}
{"@timestamp":"2024-10-25T18:04:11.4688248+02:00","level":"WARN","logger_name":"org.springframework.context.support.PostProcessorRegistrationDelegate$BeanPostProcessorChecker","message":"Bean 'deferringLoadBalancerInterceptor' of type [org.springframework.cloud.client.loadbalancer.DeferringLoadBalancerInterceptor] is not eligible for getting processed by all BeanPostProcessors (for example: not eligible for auto-proxying). Is this bean getting eagerly injected into a currently created BeanPostProcessor [lbRestClientPostProcessor]? Check the corresponding BeanPostProcessor declaration and its dependencies."}
{"@timestamp":"2024-10-25T18:04:11.5805852+02:00","level":"INFO","logger_name":"org.springframework.boot.web.embedded.tomcat.TomcatWebServer","message":"Tomcat initialized with port 8080 (http)"}
{"@timestamp":"2024-10-25T18:04:11.5845851+02:00","level":"INFO","logger_name":"org.apache.coyote.http11.Http11NioProtocol","message":"Initializing ProtocolHandler [\"http-nio-8080\"]"}
{"@timestamp":"2024-10-25T18:04:11.5865853+02:00","level":"INFO","logger_name":"org.apache.catalina.core.StandardService","message":"Starting service [Tomcat]"}
{"@timestamp":"2024-10-25T18:04:11.5865853+02:00","level":"INFO","logger_name":"org.apache.catalina.core.StandardEngine","message":"Starting Servlet engine: [Apache Tomcat/10.1.30]"}
{"@timestamp":"2024-10-25T18:04:11.6160927+02:00","level":"INFO","logger_name":"org.apache.catalina.core.ContainerBase.[Tomcat].[localhost].[/]","message":"Initializing Spring embedded WebApplicationContext"}
{"@timestamp":"2024-10-25T18:04:11.6160927+02:00","level":"INFO","logger_name":"org.springframework.boot.web.servlet.context.ServletWebServerApplicationContext","message":"Root WebApplicationContext: initialization completed in 865 ms"}
{"@timestamp":"2024-10-25T18:04:11.6740007+02:00","level":"INFO","logger_name":"com.zaxxer.hikari.HikariDataSource","message":"Authentication - Starting..."}
{"@timestamp":"2024-10-25T18:04:11.7608183+02:00","level":"INFO","logger_name":"com.zaxxer.hikari.pool.HikariPool","message":"Authentication - Added connection conn0: url=jdbc:h2:mem:Authentication user=SA"}
{"@timestamp":"2024-10-25T18:04:11.7618098+02:00","level":"INFO","logger_name":"com.zaxxer.hikari.HikariDataSource","message":"Authentication - Start completed."}
{"@timestamp":"2024-10-25T18:04:11.7668116+02:00","level":"INFO","logger_name":"org.springframework.boot.autoconfigure.h2.H2ConsoleAutoConfiguration","message":"H2 console available at '/h2-console'. Database available at 'jdbc:h2:mem:Authentication'"}
{"@timestamp":"2024-10-25T18:04:11.8447485+02:00","level":"INFO","logger_name":"org.hibernate.jpa.internal.util.LogHelper","message":"HHH000204: Processing PersistenceUnitInfo [name: default]"}
{"@timestamp":"2024-10-25T18:04:11.868045+02:00","level":"INFO","logger_name":"org.hibernate.Version","message":"HHH000412: Hibernate ORM core version 6.5.3.Final"}
{"@timestamp":"2024-10-25T18:04:11.8825506+02:00","level":"INFO","logger_name":"org.hibernate.cache.internal.RegionFactoryInitiator","message":"HHH000026: Second-level cache disabled"}
{"@timestamp":"2024-10-25T18:04:12.0136396+02:00","level":"INFO","logger_name":"org.springframework.orm.jpa.persistenceunit.SpringPersistenceUnitInfo","message":"No LoadTimeWeaver setup: ignoring JPA class transformer"}
{"@timestamp":"2024-10-25T18:04:12.4245321+02:00","level":"INFO","logger_name":"org.hibernate.engine.transaction.jta.platform.internal.JtaPlatformInitiator","message":"HHH000489: No JTA platform available (set 'hibernate.transaction.jta.platform' to enable JTA platform integration)"}
{"@timestamp":"2024-10-25T18:04:12.4415322+02:00","level":"INFO","logger_name":"org.springframework.orm.jpa.LocalContainerEntityManagerFactoryBean","message":"Initialized JPA EntityManagerFactory for persistence unit 'default'"}
{"@timestamp":"2024-10-25T18:04:12.6220853+02:00","level":"WARN","logger_name":"org.springframework.boot.autoconfigure.orm.jpa.JpaBaseConfiguration$JpaWebConfiguration","message":"spring.jpa.open-in-view is enabled by default. Therefore, database queries may be performed during view rendering. Explicitly configure spring.jpa.open-in-view to disable this warning"}
{"@timestamp":"2024-10-25T18:04:13.1691624+02:00","level":"WARN","logger_name":"org.springframework.cloud.loadbalancer.config.LoadBalancerCacheAutoConfiguration$LoadBalancerCaffeineWarnLogger","message":"Spring Cloud LoadBalancer is currently working with the default cache. While this cache implementation is useful for development and tests, it's recommended to use Caffeine cache in production.You can switch to using Caffeine cache, by adding it and org.springframework.cache.caffeine.CaffeineCacheManager to the classpath."}
{"@timestamp":"2024-10-25T18:04:13.1731555+02:00","level":"INFO","logger_name":"org.springframework.boot.actuate.endpoint.web.EndpointLinksResolver","message":"Exposing 2 endpoints beneath base path '/actuator'"}
{"@timestamp":"2024-10-25T18:04:13.2108259+02:00","level":"INFO","logger_name":"org.apache.coyote.http11.Http11NioProtocol","message":"Starting ProtocolHandler [\"http-nio-8080\"]"}
{"@timestamp":"2024-10-25T18:04:13.219687+02:00","level":"INFO","logger_name":"org.springframework.boot.web.embedded.tomcat.TomcatWebServer","message":"Tomcat started on port 8080 (http) with context path '/'"}
{"@timestamp":"2024-10-25T18:04:13.22119+02:00","level":"INFO","logger_name":"org.springframework.cloud.consul.serviceregistry.ConsulServiceRegistry","message":"Registering service with consul: NewService{id='Authentication', name='Authentication', tags=[], address='host.docker.internal', meta={secure=false}, port=8080, enableTagOverride=null, check=Check{script='null', dockerContainerID='null', shell='null', interval='10s', ttl='null', http='http://host.docker.internal:8080/actuator/health', method='null', header={}, tcp='null', timeout='null', deregisterCriticalServiceAfter='null', tlsSkipVerify=null, status='null', grpc='null', grpcUseTLS=null}, checks=null}"}
{"@timestamp":"2024-10-25T18:04:13.2420008+02:00","level":"INFO","logger_name":"com.vehicle.authentication.AuthenticationApplication","message":"Started AuthenticationApplication in 2.84 seconds (process running for 3.127)"}
{"@timestamp":"2024-10-25T18:04:13.3914808+02:00","level":"INFO","logger_name":"org.apache.catalina.core.ContainerBase.[Tomcat].[localhost].[/]","message":"Initializing Spring DispatcherServlet 'dispatcherServlet'"}
{"@timestamp":"2024-10-25T18:04:13.3914808+02:00","level":"INFO","logger_name":"org.springframework.web.servlet.DispatcherServlet","message":"Initializing Servlet 'dispatcherServlet'"}
{"@timestamp":"2024-10-25T18:04:13.3925836+02:00","level":"INFO","logger_name":"org.springframework.web.servlet.DispatcherServlet","message":"Completed initialization in 1 ms"}
{"@timestamp":"2024-10-25T18:21:01.384395+02:00","level":"INFO","logger_name":"org.springframework.cloud.consul.serviceregistry.ConsulServiceRegistry","message":"Deregistering service with consul: Authentication"}
{"@timestamp":"2024-10-25T18:21:01.3926028+02:00","level":"INFO","logger_name":"org.springframework.orm.jpa.LocalContainerEntityManagerFactoryBean","message":"Closing JPA EntityManagerFactory for persistence unit 'default'"}
{"@timestamp":"2024-10-25T18:21:01.3946017+02:00","level":"INFO","logger_name":"com.zaxxer.hikari.HikariDataSource","message":"Authentication - Shutdown initiated..."}
{"@timestamp":"2024-10-25T18:21:01.3966008+02:00","level":"INFO","logger_name":"com.zaxxer.hikari.HikariDataSource","message":"Authentication - Shutdown completed."}
{"@timestamp":"2024-10-25T18:21:02.9945413+02:00","level":"INFO","logger_name":"org.hibernate.validator.internal.util.Version","message":"HV000001: Hibernate Validator 8.0.1.Final"}
{"@timestamp":"2024-10-25T18:21:03.013548+02:00","level":"INFO","logger_name":"com.vehicle.authentication.AuthenticationApplication","message":"Starting AuthenticationApplication using Java 23.0.1 with PID 37712 (C:\\Users\\Jokubas\\Documents\\Programming\\Kristiania\\Year 3\\Microservices\\Vehicle Store\\Authentication\\target\\classes started by Jokubas in C:\\Users\\Jokubas\\Documents\\Programming\\Kristiania\\Year 3\\Microservices\\Vehicle Store)"}
{"@timestamp":"2024-10-25T18:21:03.013548+02:00","level":"INFO","logger_name":"com.vehicle.authentication.AuthenticationApplication","message":"No active profile set, falling back to 1 default profile: \"default\""}
{"@timestamp":"2024-10-25T18:21:03.4290916+02:00","level":"INFO","logger_name":"org.springframework.data.repository.config.RepositoryConfigurationDelegate","message":"Multiple Spring Data modules found, entering strict repository configuration mode"}
{"@timestamp":"2024-10-25T18:21:03.4301+02:00","level":"INFO","logger_name":"org.springframework.data.repository.config.RepositoryConfigurationDelegate","message":"Bootstrapping Spring Data JDBC repositories in DEFAULT mode."}
{"@timestamp":"2024-10-25T18:21:03.4430914+02:00","level":"INFO","logger_name":"org.springframework.data.repository.config.RepositoryConfigurationExtensionSupport","message":"Spring Data JDBC - Could not safely identify store assignment for repository candidate interface com.vehicle.authentication.Repository.UserRepository; If you want this repository to be a JDBC repository, consider annotating your entities with one of these annotations: org.springframework.data.relational.core.mapping.Table."}
{"@timestamp":"2024-10-25T18:21:03.4440917+02:00","level":"INFO","logger_name":"org.springframework.data.repository.config.RepositoryConfigurationDelegate","message":"Finished Spring Data repository scanning in 11 ms. Found 0 JDBC repository interfaces."}
{"@timestamp":"2024-10-25T18:21:03.4480919+02:00","level":"INFO","logger_name":"org.springframework.data.repository.config.RepositoryConfigurationDelegate","message":"Multiple Spring Data modules found, entering strict repository configuration mode"}
{"@timestamp":"2024-10-25T18:21:03.4480919+02:00","level":"INFO","logger_name":"org.springframework.data.repository.config.RepositoryConfigurationDelegate","message":"Bootstrapping Spring Data JPA repositories in DEFAULT mode."}
{"@timestamp":"2024-10-25T18:21:03.4981495+02:00","level":"INFO","logger_name":"org.springframework.data.repository.config.RepositoryConfigurationDelegate","message":"Finished Spring Data repository scanning in 48 ms. Found 1 JPA repository interface."}
{"@timestamp":"2024-10-25T18:21:03.5839921+02:00","level":"INFO","logger_name":"org.springframework.cloud.context.scope.GenericScope","message":"BeanFactory id=09d01057-d17b-393e-9a63-10267e1b06bf"}
{"@timestamp":"2024-10-25T18:21:03.7284149+02:00","level":"WARN","logger_name":"org.springframework.context.support.PostProcessorRegistrationDelegate$BeanPostProcessorChecker","message":"Bean 'org.springframework.cloud.client.loadbalancer.LoadBalancerAutoConfiguration$DeferringLoadBalancerInterceptorConfig' of type [org.springframework.cloud.client.loadbalancer.LoadBalancerAutoConfiguration$DeferringLoadBalancerInterceptorConfig] is not eligible for getting processed by all BeanPostProcessors (for example: not eligible for auto-proxying). The currently created BeanPostProcessor [lbRestClientPostProcessor] is declared through a non-static factory method on that class; consider declaring it as static instead."}
{"@timestamp":"2024-10-25T18:21:03.7294146+02:00","level":"WARN","logger_name":"org.springframework.context.support.PostProcessorRegistrationDelegate$BeanPostProcessorChecker","message":"Bean 'deferringLoadBalancerInterceptor' of type [org.springframework.cloud.client.loadbalancer.DeferringLoadBalancerInterceptor] is not eligible for getting processed by all BeanPostProcessors (for example: not eligible for auto-proxying). Is this bean getting eagerly injected into a currently created BeanPostProcessor [lbRestClientPostProcessor]? Check the corresponding BeanPostProcessor declaration and its dependencies."}
{"@timestamp":"2024-10-25T18:21:03.8364744+02:00","level":"INFO","logger_name":"org.springframework.boot.web.embedded.tomcat.TomcatWebServer","message":"Tomcat initialized with port 8080 (http)"}
{"@timestamp":"2024-10-25T18:21:03.8404748+02:00","level":"INFO","logger_name":"org.apache.coyote.http11.Http11NioProtocol","message":"Initializing ProtocolHandler [\"http-nio-8080\"]"}
{"@timestamp":"2024-10-25T18:21:03.8424665+02:00","level":"INFO","logger_name":"org.apache.catalina.core.StandardService","message":"Starting service [Tomcat]"}
{"@timestamp":"2024-10-25T18:21:03.8424665+02:00","level":"INFO","logger_name":"org.apache.catalina.core.StandardEngine","message":"Starting Servlet engine: [Apache Tomcat/10.1.30]"}
{"@timestamp":"2024-10-25T18:21:03.8706421+02:00","level":"INFO","logger_name":"org.apache.catalina.core.ContainerBase.[Tomcat].[localhost].[/]","message":"Initializing Spring embedded WebApplicationContext"}
{"@timestamp":"2024-10-25T18:21:03.8706421+02:00","level":"INFO","logger_name":"org.springframework.boot.web.servlet.context.ServletWebServerApplicationContext","message":"Root WebApplicationContext: initialization completed in 831 ms"}
{"@timestamp":"2024-10-25T18:21:03.9280617+02:00","level":"INFO","logger_name":"com.zaxxer.hikari.HikariDataSource","message":"Authentication - Starting..."}
{"@timestamp":"2024-10-25T18:21:04.0102739+02:00","level":"INFO","logger_name":"com.zaxxer.hikari.pool.HikariPool","message":"Authentication - Added connection conn0: url=jdbc:h2:mem:Authentication user=SA"}
{"@timestamp":"2024-10-25T18:21:04.0102739+02:00","level":"INFO","logger_name":"com.zaxxer.hikari.HikariDataSource","message":"Authentication - Start completed."}
{"@timestamp":"2024-10-25T18:21:04.0162734+02:00","level":"INFO","logger_name":"org.springframework.boot.autoconfigure.h2.H2ConsoleAutoConfiguration","message":"H2 console available at '/h2-console'. Database available at 'jdbc:h2:mem:Authentication'"}
{"@timestamp":"2024-10-25T18:21:04.10104+02:00","level":"INFO","logger_name":"org.hibernate.jpa.internal.util.LogHelper","message":"HHH000204: Processing PersistenceUnitInfo [name: default]"}
{"@timestamp":"2024-10-25T18:21:04.1256+02:00","level":"INFO","logger_name":"org.hibernate.Version","message":"HHH000412: Hibernate ORM core version 6.5.3.Final"}
{"@timestamp":"2024-10-25T18:21:04.1401351+02:00","level":"INFO","logger_name":"org.hibernate.cache.internal.RegionFactoryInitiator","message":"HHH000026: Second-level cache disabled"}
{"@timestamp":"2024-10-25T18:21:04.280272+02:00","level":"INFO","logger_name":"org.springframework.orm.jpa.persistenceunit.SpringPersistenceUnitInfo","message":"No LoadTimeWeaver setup: ignoring JPA class transformer"}
{"@timestamp":"2024-10-25T18:21:04.6931536+02:00","level":"INFO","logger_name":"org.hibernate.engine.transaction.jta.platform.internal.JtaPlatformInitiator","message":"HHH000489: No JTA platform available (set 'hibernate.transaction.jta.platform' to enable JTA platform integration)"}
{"@timestamp":"2024-10-25T18:21:04.7100576+02:00","level":"INFO","logger_name":"org.springframework.orm.jpa.LocalContainerEntityManagerFactoryBean","message":"Initialized JPA EntityManagerFactory for persistence unit 'default'"}
{"@timestamp":"2024-10-25T18:21:04.8920862+02:00","level":"WARN","logger_name":"org.springframework.boot.autoconfigure.orm.jpa.JpaBaseConfiguration$JpaWebConfiguration","message":"spring.jpa.open-in-view is enabled by default. Therefore, database queries may be performed during view rendering. Explicitly configure spring.jpa.open-in-view to disable this warning"}
{"@timestamp":"2024-10-25T18:21:05.4400721+02:00","level":"WARN","logger_name":"org.springframework.cloud.loadbalancer.config.LoadBalancerCacheAutoConfiguration$LoadBalancerCaffeineWarnLogger","message":"Spring Cloud LoadBalancer is currently working with the default cache. While this cache implementation is useful for development and tests, it's recommended to use Caffeine cache in production.You can switch to using Caffeine cache, by adding it and org.springframework.cache.caffeine.CaffeineCacheManager to the classpath."}
{"@timestamp":"2024-10-25T18:21:05.4450718+02:00","level":"INFO","logger_name":"org.springframework.boot.actuate.endpoint.web.EndpointLinksResolver","message":"Exposing 2 endpoints beneath base path '/actuator'"}
{"@timestamp":"2024-10-25T18:21:05.4871296+02:00","level":"INFO","logger_name":"org.apache.coyote.http11.Http11NioProtocol","message":"Starting ProtocolHandler [\"http-nio-8080\"]"}
{"@timestamp":"2024-10-25T18:21:05.4956641+02:00","level":"INFO","logger_name":"org.springframework.boot.web.embedded.tomcat.TomcatWebServer","message":"Tomcat started on port 8080 (http) with context path '/'"}
{"@timestamp":"2024-10-25T18:21:05.497679+02:00","level":"INFO","logger_name":"org.springframework.cloud.consul.serviceregistry.ConsulServiceRegistry","message":"Registering service with consul: NewService{id='Authentication', name='Authentication', tags=[], address='host.docker.internal', meta={secure=false}, port=8080, enableTagOverride=null, check=Check{script='null', dockerContainerID='null', shell='null', interval='10s', ttl='null', http='http://host.docker.internal:8080/actuator/health', method='null', header={}, tcp='null', timeout='null', deregisterCriticalServiceAfter='null', tlsSkipVerify=null, status='null', grpc='null', grpcUseTLS=null}, checks=null}"}
{"@timestamp":"2024-10-25T18:21:05.5173638+02:00","level":"INFO","logger_name":"com.vehicle.authentication.AuthenticationApplication","message":"Started AuthenticationApplication in 2.81 seconds (process running for 3.134)"}
{"@timestamp":"2024-10-25T18:21:05.6782537+02:00","level":"INFO","logger_name":"org.apache.catalina.core.ContainerBase.[Tomcat].[localhost].[/]","message":"Initializing Spring DispatcherServlet 'dispatcherServlet'"}
{"@timestamp":"2024-10-25T18:21:05.6782537+02:00","level":"INFO","logger_name":"org.springframework.web.servlet.DispatcherServlet","message":"Initializing Servlet 'dispatcherServlet'"}
{"@timestamp":"2024-10-25T18:21:05.6794364+02:00","level":"INFO","logger_name":"org.springframework.web.servlet.DispatcherServlet","message":"Completed initialization in 1 ms"}
{"@timestamp":"2024-10-25T18:30:14.1569015+02:00","level":"INFO","logger_name":"org.springframework.cloud.consul.serviceregistry.ConsulServiceRegistry","message":"Deregistering service with consul: Authentication"}
{"@timestamp":"2024-10-25T18:30:14.1631122+02:00","level":"INFO","logger_name":"org.springframework.orm.jpa.LocalContainerEntityManagerFactoryBean","message":"Closing JPA EntityManagerFactory for persistence unit 'default'"}
{"@timestamp":"2024-10-25T18:30:14.1651172+02:00","level":"INFO","logger_name":"com.zaxxer.hikari.HikariDataSource","message":"Authentication - Shutdown initiated..."}
{"@timestamp":"2024-10-25T18:30:14.1661165+02:00","level":"INFO","logger_name":"com.zaxxer.hikari.HikariDataSource","message":"Authentication - Shutdown completed."}
